[ 2013-04-22T20:22:33+08:00 ] 123.125.244.216 /
INFO: [ app_begin ] --START--
INFO: Run ReadHtmlCache Behavior [ RunTime:0.014778s ]
INFO: [ app_begin ] --END-- [ RunTime:0.014926s ]
SQL: SHOW COLUMNS FROM `ik_message` [ RunTime:0.016614s ]
ERR: Table 'ikcharm_mgdatabase.ik_message' doesn't exist
 [ SQL语句 ] : SHOW COLUMNS FROM `ik_message`
SQL: SELECT COUNT(*) AS tp_count FROM `ik_message` WHERE ( `touserid` = null ) AND ( `isread` = 0 ) AND ( `isinbox` = 0 ) LIMIT 1   [ RunTime:0.000700s ]
ERR: Table 'ikcharm_mgdatabase.ik_message' doesn't exist
 [ SQL语句 ] : SELECT COUNT(*) AS tp_count FROM `ik_message` WHERE ( `touserid` = null ) AND ( `isread` = 0 ) AND ( `isinbox` = 0 ) LIMIT 1  
INFO: [ view_template ] --START--
INFO: Run LocationTemplate Behavior [ RunTime:0.011899s ]
INFO: [ view_template ] --END-- [ RunTime:0.012007s ]
INFO: [ view_parse ] --START--
INFO: Run ParseTemplate Behavior [ RunTime:0.083584s ]
INFO: [ view_parse ] --END-- [ RunTime:0.083812s ]
INFO: [ view_filter ] --START--
INFO: Run ContentReplace Behavior [ RunTime:0.010169s ]
INFO: Run TokenBuild Behavior [ RunTime:0.002152s ]
INFO: Run WriteHtmlCache Behavior [ RunTime:0.001472s ]
INFO: Run ShowRuntime Behavior [ RunTime:0.001910s ]
INFO: Run content_replace Behavior [ RunTime:0.018117s ]
INFO: [ view_filter ] --END-- [ RunTime:0.034253s ]
INFO: [ view_end ] --START--
INFO: Run ShowPageTrace Behavior [ RunTime:0.002472s ]
INFO: [ view_end ] --END-- [ RunTime:0.002565s ]

