[ 2013-04-23T10:32:09+08:00 ] 60.171.124.70 /
INFO: [ app_begin ] --START--
INFO: Run ReadHtmlCache Behavior [ RunTime:0.010437s ]
INFO: [ app_begin ] --END-- [ RunTime:0.010577s ]
SQL: SHOW COLUMNS FROM `ik_message` [ RunTime:0.042916s ]
ERR: Table 'ikcharm_mgdatabase.ik_message' doesn't exist
 [ SQL语句 ] : SHOW COLUMNS FROM `ik_message`
SQL: SELECT COUNT(*) AS tp_count FROM `ik_message` WHERE ( `touserid` = null ) AND ( `isread` = 0 ) AND ( `isinbox` = 0 ) LIMIT 1   [ RunTime:0.000783s ]
ERR: Table 'ikcharm_mgdatabase.ik_message' doesn't exist
 [ SQL语句 ] : SELECT COUNT(*) AS tp_count FROM `ik_message` WHERE ( `touserid` = null ) AND ( `isread` = 0 ) AND ( `isinbox` = 0 ) LIMIT 1  
INFO: [ view_template ] --START--
INFO: Run LocationTemplate Behavior [ RunTime:0.023853s ]
INFO: [ view_template ] --END-- [ RunTime:0.024002s ]
INFO: [ view_parse ] --START--
INFO: Run ParseTemplate Behavior [ RunTime:0.129957s ]
INFO: [ view_parse ] --END-- [ RunTime:0.130109s ]
INFO: [ view_filter ] --START--
INFO: Run ContentReplace Behavior [ RunTime:0.008112s ]
INFO: Run TokenBuild Behavior [ RunTime:0.003330s ]
INFO: Run WriteHtmlCache Behavior [ RunTime:0.006855s ]
INFO: Run ShowRuntime Behavior [ RunTime:0.004030s ]
INFO: Run content_replace Behavior [ RunTime:0.042910s ]
INFO: [ view_filter ] --END-- [ RunTime:0.065631s ]
INFO: [ view_end ] --START--
INFO: Run ShowPageTrace Behavior [ RunTime:0.002651s ]
INFO: [ view_end ] --END-- [ RunTime:0.002741s ]

[ 2013-04-23T10:32:20+08:00 ] ERR: (ThinkException) 模板不存在[./app/Tpl/home/doc/add.html]
[ 2013-04-23T10:32:23+08:00 ] 60.171.124.70 /index.php/exp/add
INFO: [ route_check ] --START--
INFO: Run CheckRoute Behavior [ RunTime:0.001490s ]
INFO: [ route_check ] --END-- [ RunTime:0.001619s ]
INFO: [ app_begin ] --START--
INFO: Run ReadHtmlCache Behavior [ RunTime:0.001203s ]
INFO: [ app_begin ] --END-- [ RunTime:0.001291s ]
SQL: SHOW COLUMNS FROM `ik_message` [ RunTime:0.083031s ]
ERR: Table 'ikcharm_mgdatabase.ik_message' doesn't exist
 [ SQL语句 ] : SHOW COLUMNS FROM `ik_message`
SQL: SELECT COUNT(*) AS tp_count FROM `ik_message` WHERE ( `touserid` = null ) AND ( `isread` = 0 ) AND ( `isinbox` = 0 ) LIMIT 1   [ RunTime:0.000998s ]
ERR: Table 'ikcharm_mgdatabase.ik_message' doesn't exist
 [ SQL语句 ] : SELECT COUNT(*) AS tp_count FROM `ik_message` WHERE ( `touserid` = null ) AND ( `isread` = 0 ) AND ( `isinbox` = 0 ) LIMIT 1  
INFO: [ view_template ] --START--
INFO: Run LocationTemplate Behavior [ RunTime:0.001675s ]
INFO: [ view_template ] --END-- [ RunTime:0.001781s ]
INFO: [ view_parse ] --START--
INFO: Run ParseTemplate Behavior [ RunTime:0.022305s ]
INFO: [ view_parse ] --END-- [ RunTime:0.022401s ]
INFO: [ view_filter ] --START--
INFO: Run ContentReplace Behavior [ RunTime:0.001090s ]
INFO: Run TokenBuild Behavior [ RunTime:0.001092s ]
INFO: Run WriteHtmlCache Behavior [ RunTime:0.000963s ]
INFO: Run ShowRuntime Behavior [ RunTime:0.001143s ]
INFO: Run content_replace Behavior [ RunTime:0.001838s ]
INFO: [ view_filter ] --END-- [ RunTime:0.006406s ]
INFO: [ view_end ] --START--
INFO: Run ShowPageTrace Behavior [ RunTime:0.001333s ]
INFO: [ view_end ] --END-- [ RunTime:0.001417s ]

[ 2013-04-23T10:32:29+08:00 ] ERR: (ThinkException) 非法操作:add
[ 2013-04-23T15:49:13+08:00 ] ERR: (ThinkException) 非法操作:add
[ 2013-04-23T16:12:05+08:00 ] 60.171.124.70 /
INFO: [ app_begin ] --START--
INFO: Run ReadHtmlCache Behavior [ RunTime:0.001448s ]
INFO: [ app_begin ] --END-- [ RunTime:0.001632s ]
SQL: SHOW COLUMNS FROM `ik_message` [ RunTime:0.034112s ]
ERR: Table 'ikcharm_mgdatabase.ik_message' doesn't exist
 [ SQL语句 ] : SHOW COLUMNS FROM `ik_message`
SQL: SELECT COUNT(*) AS tp_count FROM `ik_message` WHERE ( `touserid` = null ) AND ( `isread` = 0 ) AND ( `isinbox` = 0 ) LIMIT 1   [ RunTime:0.001457s ]
ERR: Table 'ikcharm_mgdatabase.ik_message' doesn't exist
 [ SQL语句 ] : SELECT COUNT(*) AS tp_count FROM `ik_message` WHERE ( `touserid` = null ) AND ( `isread` = 0 ) AND ( `isinbox` = 0 ) LIMIT 1  
INFO: [ view_template ] --START--
INFO: Run LocationTemplate Behavior [ RunTime:0.032021s ]
INFO: [ view_template ] --END-- [ RunTime:0.032220s ]
INFO: [ view_parse ] --START--
INFO: Run ParseTemplate Behavior [ RunTime:0.262408s ]
INFO: [ view_parse ] --END-- [ RunTime:0.262545s ]
INFO: [ view_filter ] --START--
INFO: Run ContentReplace Behavior [ RunTime:0.023061s ]
INFO: Run TokenBuild Behavior [ RunTime:0.009684s ]
INFO: Run WriteHtmlCache Behavior [ RunTime:0.016973s ]
INFO: Run ShowRuntime Behavior [ RunTime:0.010353s ]
INFO: Run content_replace Behavior [ RunTime:0.030833s ]
INFO: [ view_filter ] --END-- [ RunTime:0.091551s ]
INFO: [ view_end ] --START--
INFO: Run ShowPageTrace Behavior [ RunTime:0.006830s ]
INFO: [ view_end ] --END-- [ RunTime:0.007067s ]

[ 2013-04-23T20:31:30+08:00 ] 123.125.244.216 /
INFO: [ app_begin ] --START--
INFO: Run ReadHtmlCache Behavior [ RunTime:0.013115s ]
INFO: [ app_begin ] --END-- [ RunTime:0.013311s ]
SQL: SHOW COLUMNS FROM `ik_message` [ RunTime:0.024526s ]
ERR: Table 'ikcharm_mgdatabase.ik_message' doesn't exist
 [ SQL语句 ] : SHOW COLUMNS FROM `ik_message`
SQL: SELECT COUNT(*) AS tp_count FROM `ik_message` WHERE ( `touserid` = null ) AND ( `isread` = 0 ) AND ( `isinbox` = 0 ) LIMIT 1   [ RunTime:0.001702s ]
ERR: Table 'ikcharm_mgdatabase.ik_message' doesn't exist
 [ SQL语句 ] : SELECT COUNT(*) AS tp_count FROM `ik_message` WHERE ( `touserid` = null ) AND ( `isread` = 0 ) AND ( `isinbox` = 0 ) LIMIT 1  
INFO: [ view_template ] --START--
INFO: Run LocationTemplate Behavior [ RunTime:0.013067s ]
INFO: [ view_template ] --END-- [ RunTime:0.013282s ]
INFO: [ view_parse ] --START--
INFO: Run ParseTemplate Behavior [ RunTime:0.098433s ]
INFO: [ view_parse ] --END-- [ RunTime:0.098687s ]
INFO: [ view_filter ] --START--
INFO: Run ContentReplace Behavior [ RunTime:0.008558s ]
INFO: Run TokenBuild Behavior [ RunTime:0.001699s ]
INFO: Run WriteHtmlCache Behavior [ RunTime:0.005418s ]
INFO: Run ShowRuntime Behavior [ RunTime:0.002453s ]
INFO: Run content_replace Behavior [ RunTime:0.024358s ]
INFO: [ view_filter ] --END-- [ RunTime:0.042894s ]
INFO: [ view_end ] --START--
INFO: Run ShowPageTrace Behavior [ RunTime:0.009675s ]
INFO: [ view_end ] --END-- [ RunTime:0.009798s ]

[ 2013-04-23T21:06:06+08:00 ] 182.89.64.97 /
INFO: [ app_begin ] --START--
INFO: Run ReadHtmlCache Behavior [ RunTime:0.002339s ]
INFO: [ app_begin ] --END-- [ RunTime:0.002864s ]
SQL: SHOW COLUMNS FROM `ik_message` [ RunTime:0.048129s ]
ERR: Table 'ikcharm_mgdatabase.ik_message' doesn't exist
 [ SQL语句 ] : SHOW COLUMNS FROM `ik_message`
SQL: SELECT COUNT(*) AS tp_count FROM `ik_message` WHERE ( `touserid` = null ) AND ( `isread` = 0 ) AND ( `isinbox` = 0 ) LIMIT 1   [ RunTime:0.001335s ]
ERR: Table 'ikcharm_mgdatabase.ik_message' doesn't exist
 [ SQL语句 ] : SELECT COUNT(*) AS tp_count FROM `ik_message` WHERE ( `touserid` = null ) AND ( `isread` = 0 ) AND ( `isinbox` = 0 ) LIMIT 1  
INFO: [ view_template ] --START--
INFO: Run LocationTemplate Behavior [ RunTime:0.001748s ]
INFO: [ view_template ] --END-- [ RunTime:0.001913s ]
INFO: [ view_parse ] --START--
INFO: Run ParseTemplate Behavior [ RunTime:0.025188s ]
INFO: [ view_parse ] --END-- [ RunTime:0.025369s ]
INFO: [ view_filter ] --START--
INFO: Run ContentReplace Behavior [ RunTime:0.001886s ]
INFO: Run TokenBuild Behavior [ RunTime:0.001472s ]
INFO: Run WriteHtmlCache Behavior [ RunTime:0.000989s ]
INFO: Run ShowRuntime Behavior [ RunTime:0.001337s ]
INFO: Run content_replace Behavior [ RunTime:0.001954s ]
INFO: [ view_filter ] --END-- [ RunTime:0.008048s ]
INFO: [ view_end ] --START--
INFO: Run ShowPageTrace Behavior [ RunTime:0.001668s ]
INFO: [ view_end ] --END-- [ RunTime:0.001812s ]

[ 2013-04-23T21:06:17+08:00 ] 14.17.29.91 /
INFO: [ app_begin ] --START--
INFO: Run ReadHtmlCache Behavior [ RunTime:0.001382s ]
INFO: [ app_begin ] --END-- [ RunTime:0.001557s ]
SQL: SHOW COLUMNS FROM `ik_message` [ RunTime:0.059430s ]
ERR: Table 'ikcharm_mgdatabase.ik_message' doesn't exist
 [ SQL语句 ] : SHOW COLUMNS FROM `ik_message`
SQL: SELECT COUNT(*) AS tp_count FROM `ik_message` WHERE ( `touserid` = null ) AND ( `isread` = 0 ) AND ( `isinbox` = 0 ) LIMIT 1   [ RunTime:0.001257s ]
ERR: Table 'ikcharm_mgdatabase.ik_message' doesn't exist
 [ SQL语句 ] : SELECT COUNT(*) AS tp_count FROM `ik_message` WHERE ( `touserid` = null ) AND ( `isread` = 0 ) AND ( `isinbox` = 0 ) LIMIT 1  
INFO: [ view_template ] --START--
INFO: Run LocationTemplate Behavior [ RunTime:0.001735s ]
INFO: [ view_template ] --END-- [ RunTime:0.001832s ]
INFO: [ view_parse ] --START--
INFO: Run ParseTemplate Behavior [ RunTime:0.022174s ]
INFO: [ view_parse ] --END-- [ RunTime:0.022301s ]
INFO: [ view_filter ] --START--
INFO: Run ContentReplace Behavior [ RunTime:0.001567s ]
INFO: Run TokenBuild Behavior [ RunTime:0.001148s ]
INFO: Run WriteHtmlCache Behavior [ RunTime:0.001107s ]
INFO: Run ShowRuntime Behavior [ RunTime:0.001188s ]
INFO: Run content_replace Behavior [ RunTime:0.001812s ]
INFO: [ view_filter ] --END-- [ RunTime:0.007186s ]
INFO: [ view_end ] --START--
INFO: Run ShowPageTrace Behavior [ RunTime:0.001243s ]
INFO: [ view_end ] --END-- [ RunTime:0.001326s ]

[ 2013-04-23T21:06:17+08:00 ] 14.17.29.90 /
INFO: [ app_begin ] --START--
INFO: Run ReadHtmlCache Behavior [ RunTime:0.001597s ]
INFO: [ app_begin ] --END-- [ RunTime:0.001774s ]
SQL: SHOW COLUMNS FROM `ik_message` [ RunTime:0.023070s ]
ERR: Table 'ikcharm_mgdatabase.ik_message' doesn't exist
 [ SQL语句 ] : SHOW COLUMNS FROM `ik_message`
SQL: SELECT COUNT(*) AS tp_count FROM `ik_message` WHERE ( `touserid` = null ) AND ( `isread` = 0 ) AND ( `isinbox` = 0 ) LIMIT 1   [ RunTime:0.015171s ]
ERR: Table 'ikcharm_mgdatabase.ik_message' doesn't exist
 [ SQL语句 ] : SELECT COUNT(*) AS tp_count FROM `ik_message` WHERE ( `touserid` = null ) AND ( `isread` = 0 ) AND ( `isinbox` = 0 ) LIMIT 1  
INFO: [ view_template ] --START--
INFO: Run LocationTemplate Behavior [ RunTime:0.002461s ]
INFO: [ view_template ] --END-- [ RunTime:0.002616s ]
INFO: [ view_parse ] --START--
INFO: Run ParseTemplate Behavior [ RunTime:0.023030s ]
INFO: [ view_parse ] --END-- [ RunTime:0.023175s ]
INFO: [ view_filter ] --START--
INFO: Run ContentReplace Behavior [ RunTime:0.001304s ]
INFO: Run TokenBuild Behavior [ RunTime:0.001131s ]
INFO: Run WriteHtmlCache Behavior [ RunTime:0.000947s ]
INFO: Run ShowRuntime Behavior [ RunTime:0.001324s ]
INFO: Run content_replace Behavior [ RunTime:0.001981s ]
INFO: [ view_filter ] --END-- [ RunTime:0.007015s ]
INFO: [ view_end ] --START--
INFO: Run ShowPageTrace Behavior [ RunTime:0.001292s ]
INFO: [ view_end ] --END-- [ RunTime:0.001406s ]

[ 2013-04-23T21:08:06+08:00 ] 14.17.18.149 /
INFO: [ app_begin ] --START--
INFO: Run ReadHtmlCache Behavior [ RunTime:0.002249s ]
INFO: [ app_begin ] --END-- [ RunTime:0.002444s ]
SQL: SHOW COLUMNS FROM `ik_message` [ RunTime:0.120684s ]
ERR: Table 'ikcharm_mgdatabase.ik_message' doesn't exist
 [ SQL语句 ] : SHOW COLUMNS FROM `ik_message`
SQL: SELECT COUNT(*) AS tp_count FROM `ik_message` WHERE ( `touserid` = null ) AND ( `isread` = 0 ) AND ( `isinbox` = 0 ) LIMIT 1   [ RunTime:0.016287s ]
ERR: Table 'ikcharm_mgdatabase.ik_message' doesn't exist
 [ SQL语句 ] : SELECT COUNT(*) AS tp_count FROM `ik_message` WHERE ( `touserid` = null ) AND ( `isread` = 0 ) AND ( `isinbox` = 0 ) LIMIT 1  
INFO: [ view_template ] --START--
INFO: Run LocationTemplate Behavior [ RunTime:0.002433s ]
INFO: [ view_template ] --END-- [ RunTime:0.002570s ]
INFO: [ view_parse ] --START--
INFO: Run ParseTemplate Behavior [ RunTime:0.031763s ]
INFO: [ view_parse ] --END-- [ RunTime:0.031928s ]
INFO: [ view_filter ] --START--
INFO: Run ContentReplace Behavior [ RunTime:0.001629s ]
INFO: Run TokenBuild Behavior [ RunTime:0.001314s ]
INFO: Run WriteHtmlCache Behavior [ RunTime:0.001175s ]
INFO: Run ShowRuntime Behavior [ RunTime:0.001608s ]
INFO: Run content_replace Behavior [ RunTime:0.002237s ]
INFO: [ view_filter ] --END-- [ RunTime:0.008363s ]
INFO: [ view_end ] --START--
INFO: Run ShowPageTrace Behavior [ RunTime:0.001732s ]
INFO: [ view_end ] --END-- [ RunTime:0.001846s ]

[ 2013-04-23T21:08:32+08:00 ] 115.170.189.195 /
INFO: [ app_begin ] --START--
INFO: Run ReadHtmlCache Behavior [ RunTime:0.001654s ]
INFO: [ app_begin ] --END-- [ RunTime:0.001827s ]
SQL: SHOW COLUMNS FROM `ik_message` [ RunTime:0.018242s ]
ERR: Table 'ikcharm_mgdatabase.ik_message' doesn't exist
 [ SQL语句 ] : SHOW COLUMNS FROM `ik_message`
SQL: SELECT COUNT(*) AS tp_count FROM `ik_message` WHERE ( `touserid` = null ) AND ( `isread` = 0 ) AND ( `isinbox` = 0 ) LIMIT 1   [ RunTime:0.002113s ]
ERR: Table 'ikcharm_mgdatabase.ik_message' doesn't exist
 [ SQL语句 ] : SELECT COUNT(*) AS tp_count FROM `ik_message` WHERE ( `touserid` = null ) AND ( `isread` = 0 ) AND ( `isinbox` = 0 ) LIMIT 1  
INFO: [ view_template ] --START--
INFO: Run LocationTemplate Behavior [ RunTime:0.002479s ]
INFO: [ view_template ] --END-- [ RunTime:0.002641s ]
INFO: [ view_parse ] --START--
INFO: Run ParseTemplate Behavior [ RunTime:0.031990s ]
INFO: [ view_parse ] --END-- [ RunTime:0.032182s ]
INFO: [ view_filter ] --START--
INFO: Run ContentReplace Behavior [ RunTime:0.001894s ]
INFO: Run TokenBuild Behavior [ RunTime:0.001618s ]
INFO: Run WriteHtmlCache Behavior [ RunTime:0.001529s ]
INFO: Run ShowRuntime Behavior [ RunTime:0.001952s ]
INFO: Run content_replace Behavior [ RunTime:0.002718s ]
INFO: [ view_filter ] --END-- [ RunTime:0.010175s ]
INFO: [ view_end ] --START--
INFO: Run ShowPageTrace Behavior [ RunTime:0.002245s ]
INFO: [ view_end ] --END-- [ RunTime:0.002393s ]

