[ 2013-04-25T08:38:17+08:00 ] 58.242.129.249 /
INFO: [ app_begin ] --START--
INFO: Run ReadHtmlCache Behavior [ RunTime:0.013064s ]
INFO: [ app_begin ] --END-- [ RunTime:0.013203s ]
SQL: SHOW COLUMNS FROM `ik_message` [ RunTime:0.034179s ]
ERR: Table 'ikcharm_mgdatabase.ik_message' doesn't exist
 [ SQL语句 ] : SHOW COLUMNS FROM `ik_message`
SQL: SELECT COUNT(*) AS tp_count FROM `ik_message` WHERE ( `touserid` = null ) AND ( `isread` = 0 ) AND ( `isinbox` = 0 ) LIMIT 1   [ RunTime:0.001251s ]
ERR: Table 'ikcharm_mgdatabase.ik_message' doesn't exist
 [ SQL语句 ] : SELECT COUNT(*) AS tp_count FROM `ik_message` WHERE ( `touserid` = null ) AND ( `isread` = 0 ) AND ( `isinbox` = 0 ) LIMIT 1  
INFO: [ view_template ] --START--
INFO: Run LocationTemplate Behavior [ RunTime:0.023029s ]
INFO: [ view_template ] --END-- [ RunTime:0.023178s ]
INFO: [ view_parse ] --START--
INFO: Run ParseTemplate Behavior [ RunTime:0.086750s ]
INFO: [ view_parse ] --END-- [ RunTime:0.086875s ]
INFO: [ view_filter ] --START--
INFO: Run ContentReplace Behavior [ RunTime:0.005975s ]
INFO: Run TokenBuild Behavior [ RunTime:0.002298s ]
INFO: Run WriteHtmlCache Behavior [ RunTime:0.001676s ]
INFO: Run ShowRuntime Behavior [ RunTime:0.001916s ]
INFO: Run content_replace Behavior [ RunTime:0.007521s ]
INFO: [ view_filter ] --END-- [ RunTime:0.019699s ]
INFO: [ view_end ] --START--
INFO: Run ShowPageTrace Behavior [ RunTime:0.002365s ]
INFO: [ view_end ] --END-- [ RunTime:0.002450s ]

[ 2013-04-25T22:04:55+08:00 ] 50.31.96.4 /
INFO: [ app_begin ] --START--
INFO: Run ReadHtmlCache Behavior [ RunTime:0.017264s ]
INFO: [ app_begin ] --END-- [ RunTime:0.017496s ]
SQL: SHOW COLUMNS FROM `ik_message` [ RunTime:0.295432s ]
ERR: Table 'ikcharm_mgdatabase.ik_message' doesn't exist
 [ SQL语句 ] : SHOW COLUMNS FROM `ik_message`
SQL: SELECT COUNT(*) AS tp_count FROM `ik_message` WHERE ( `touserid` = null ) AND ( `isread` = 0 ) AND ( `isinbox` = 0 ) LIMIT 1   [ RunTime:0.011265s ]
ERR: Table 'ikcharm_mgdatabase.ik_message' doesn't exist
 [ SQL语句 ] : SELECT COUNT(*) AS tp_count FROM `ik_message` WHERE ( `touserid` = null ) AND ( `isread` = 0 ) AND ( `isinbox` = 0 ) LIMIT 1  
INFO: [ view_template ] --START--
INFO: Run LocationTemplate Behavior [ RunTime:0.013057s ]
INFO: [ view_template ] --END-- [ RunTime:0.013283s ]
INFO: [ view_parse ] --START--
INFO: Run ParseTemplate Behavior [ RunTime:0.090156s ]
INFO: [ view_parse ] --END-- [ RunTime:0.090317s ]
INFO: [ view_filter ] --START--
INFO: Run ContentReplace Behavior [ RunTime:0.010815s ]
INFO: Run TokenBuild Behavior [ RunTime:0.003931s ]
INFO: Run WriteHtmlCache Behavior [ RunTime:0.001500s ]
INFO: Run ShowRuntime Behavior [ RunTime:0.001955s ]
INFO: Run content_replace Behavior [ RunTime:0.027338s ]
INFO: [ view_filter ] --END-- [ RunTime:0.045960s ]
INFO: [ view_end ] --START--
INFO: Run ShowPageTrace Behavior [ RunTime:0.002390s ]
INFO: [ view_end ] --END-- [ RunTime:0.002485s ]

