[ 2013-04-26T15:59:57+08:00 ] 36.32.161.246 /
INFO: [ app_begin ] --START--
INFO: Run ReadHtmlCache Behavior [ RunTime:0.009481s ]
INFO: [ app_begin ] --END-- [ RunTime:0.009643s ]
SQL: SHOW COLUMNS FROM `ik_message` [ RunTime:0.037950s ]
ERR: Table 'ikcharm_mgdatabase.ik_message' doesn't exist
 [ SQL语句 ] : SHOW COLUMNS FROM `ik_message`
SQL: SELECT COUNT(*) AS tp_count FROM `ik_message` WHERE ( `touserid` = null ) AND ( `isread` = 0 ) AND ( `isinbox` = 0 ) LIMIT 1   [ RunTime:0.000630s ]
ERR: Table 'ikcharm_mgdatabase.ik_message' doesn't exist
 [ SQL语句 ] : SELECT COUNT(*) AS tp_count FROM `ik_message` WHERE ( `touserid` = null ) AND ( `isread` = 0 ) AND ( `isinbox` = 0 ) LIMIT 1  
INFO: [ view_template ] --START--
INFO: Run LocationTemplate Behavior [ RunTime:0.014204s ]
INFO: [ view_template ] --END-- [ RunTime:0.014331s ]
INFO: [ view_parse ] --START--
INFO: Run ParseTemplate Behavior [ RunTime:0.100984s ]
INFO: [ view_parse ] --END-- [ RunTime:0.101100s ]
INFO: [ view_filter ] --START--
INFO: Run ContentReplace Behavior [ RunTime:0.007468s ]
INFO: Run TokenBuild Behavior [ RunTime:0.002018s ]
INFO: Run WriteHtmlCache Behavior [ RunTime:0.001697s ]
INFO: Run ShowRuntime Behavior [ RunTime:0.001959s ]
INFO: Run content_replace Behavior [ RunTime:0.010542s ]
INFO: [ view_filter ] --END-- [ RunTime:0.024005s ]
INFO: [ view_end ] --START--
INFO: Run ShowPageTrace Behavior [ RunTime:0.001950s ]
INFO: [ view_end ] --END-- [ RunTime:0.002039s ]

[ 2013-04-26T15:59:58+08:00 ] 36.32.161.246 /
INFO: [ app_begin ] --START--
INFO: Run ReadHtmlCache Behavior [ RunTime:0.001346s ]
INFO: [ app_begin ] --END-- [ RunTime:0.001494s ]
SQL: SHOW COLUMNS FROM `ik_message` [ RunTime:0.016070s ]
ERR: Table 'ikcharm_mgdatabase.ik_message' doesn't exist
 [ SQL语句 ] : SHOW COLUMNS FROM `ik_message`
SQL: SELECT COUNT(*) AS tp_count FROM `ik_message` WHERE ( `touserid` = null ) AND ( `isread` = 0 ) AND ( `isinbox` = 0 ) LIMIT 1   [ RunTime:0.002694s ]
ERR: Table 'ikcharm_mgdatabase.ik_message' doesn't exist
 [ SQL语句 ] : SELECT COUNT(*) AS tp_count FROM `ik_message` WHERE ( `touserid` = null ) AND ( `isread` = 0 ) AND ( `isinbox` = 0 ) LIMIT 1  
INFO: [ view_template ] --START--
INFO: Run LocationTemplate Behavior [ RunTime:0.001663s ]
INFO: [ view_template ] --END-- [ RunTime:0.001774s ]
INFO: [ view_parse ] --START--
INFO: Run ParseTemplate Behavior [ RunTime:0.020683s ]
INFO: [ view_parse ] --END-- [ RunTime:0.020796s ]
INFO: [ view_filter ] --START--
INFO: Run ContentReplace Behavior [ RunTime:0.001266s ]
INFO: Run TokenBuild Behavior [ RunTime:0.001187s ]
INFO: Run WriteHtmlCache Behavior [ RunTime:0.000979s ]
INFO: Run ShowRuntime Behavior [ RunTime:0.001158s ]
INFO: Run content_replace Behavior [ RunTime:0.001868s ]
INFO: [ view_filter ] --END-- [ RunTime:0.006742s ]
INFO: [ view_end ] --START--
INFO: Run ShowPageTrace Behavior [ RunTime:0.001240s ]
INFO: [ view_end ] --END-- [ RunTime:0.001333s ]

[ 2013-04-26T16:05:37+08:00 ] 36.32.161.246 /
INFO: [ app_begin ] --START--
INFO: Run ReadHtmlCache Behavior [ RunTime:0.001190s ]
INFO: [ app_begin ] --END-- [ RunTime:0.001307s ]
SQL: SHOW COLUMNS FROM `ik_message` [ RunTime:0.037304s ]
ERR: Table 'ikcharm_mgdatabase.ik_message' doesn't exist
 [ SQL语句 ] : SHOW COLUMNS FROM `ik_message`
SQL: SELECT COUNT(*) AS tp_count FROM `ik_message` WHERE ( `touserid` = null ) AND ( `isread` = 0 ) AND ( `isinbox` = 0 ) LIMIT 1   [ RunTime:0.000659s ]
ERR: Table 'ikcharm_mgdatabase.ik_message' doesn't exist
 [ SQL语句 ] : SELECT COUNT(*) AS tp_count FROM `ik_message` WHERE ( `touserid` = null ) AND ( `isread` = 0 ) AND ( `isinbox` = 0 ) LIMIT 1  
INFO: [ view_template ] --START--
INFO: Run LocationTemplate Behavior [ RunTime:0.001613s ]
INFO: [ view_template ] --END-- [ RunTime:0.001717s ]
INFO: [ view_parse ] --START--
INFO: Run ParseTemplate Behavior [ RunTime:0.019671s ]
INFO: [ view_parse ] --END-- [ RunTime:0.019785s ]
INFO: [ view_filter ] --START--
INFO: Run ContentReplace Behavior [ RunTime:0.001237s ]
INFO: Run TokenBuild Behavior [ RunTime:0.001013s ]
INFO: Run WriteHtmlCache Behavior [ RunTime:0.000963s ]
INFO: Run ShowRuntime Behavior [ RunTime:0.001142s ]
INFO: Run content_replace Behavior [ RunTime:0.001740s ]
INFO: [ view_filter ] --END-- [ RunTime:0.006371s ]
INFO: [ view_end ] --START--
INFO: Run ShowPageTrace Behavior [ RunTime:0.001203s ]
INFO: [ view_end ] --END-- [ RunTime:0.001283s ]

[ 2013-04-26T18:05:56+08:00 ] 220.181.127.124 /
INFO: [ app_begin ] --START--
INFO: Run ReadHtmlCache Behavior [ RunTime:0.016541s ]
INFO: [ app_begin ] --END-- [ RunTime:0.016777s ]
SQL: SHOW COLUMNS FROM `ik_message` [ RunTime:0.179340s ]
ERR: Table 'ikcharm_mgdatabase.ik_message' doesn't exist
 [ SQL语句 ] : SHOW COLUMNS FROM `ik_message`
SQL: SELECT COUNT(*) AS tp_count FROM `ik_message` WHERE ( `touserid` = null ) AND ( `isread` = 0 ) AND ( `isinbox` = 0 ) LIMIT 1   [ RunTime:0.022729s ]
ERR: Table 'ikcharm_mgdatabase.ik_message' doesn't exist
 [ SQL语句 ] : SELECT COUNT(*) AS tp_count FROM `ik_message` WHERE ( `touserid` = null ) AND ( `isread` = 0 ) AND ( `isinbox` = 0 ) LIMIT 1  
INFO: [ view_template ] --START--
INFO: Run LocationTemplate Behavior [ RunTime:0.053296s ]
INFO: [ view_template ] --END-- [ RunTime:0.053484s ]
INFO: [ view_parse ] --START--
INFO: Run ParseTemplate Behavior [ RunTime:0.119497s ]
INFO: [ view_parse ] --END-- [ RunTime:0.119676s ]
INFO: [ view_filter ] --START--
INFO: Run ContentReplace Behavior [ RunTime:0.005576s ]
INFO: Run TokenBuild Behavior [ RunTime:0.006187s ]
INFO: Run WriteHtmlCache Behavior [ RunTime:0.009378s ]
INFO: Run ShowRuntime Behavior [ RunTime:0.002830s ]
INFO: Run content_replace Behavior [ RunTime:0.016226s ]
INFO: [ view_filter ] --END-- [ RunTime:0.040645s ]
INFO: [ view_end ] --START--
INFO: Run ShowPageTrace Behavior [ RunTime:0.003817s ]
INFO: [ view_end ] --END-- [ RunTime:0.003948s ]

[ 2013-04-26T22:04:08+08:00 ] 220.181.132.200 /
INFO: [ app_begin ] --START--
INFO: Run ReadHtmlCache Behavior [ RunTime:0.006727s ]
INFO: [ app_begin ] --END-- [ RunTime:0.006860s ]
SQL: SHOW COLUMNS FROM `ik_message` [ RunTime:0.016170s ]
ERR: Table 'ikcharm_mgdatabase.ik_message' doesn't exist
 [ SQL语句 ] : SHOW COLUMNS FROM `ik_message`
SQL: SELECT COUNT(*) AS tp_count FROM `ik_message` WHERE ( `touserid` = null ) AND ( `isread` = 0 ) AND ( `isinbox` = 0 ) LIMIT 1   [ RunTime:0.006774s ]
ERR: Table 'ikcharm_mgdatabase.ik_message' doesn't exist
 [ SQL语句 ] : SELECT COUNT(*) AS tp_count FROM `ik_message` WHERE ( `touserid` = null ) AND ( `isread` = 0 ) AND ( `isinbox` = 0 ) LIMIT 1  
INFO: [ view_template ] --START--
INFO: Run LocationTemplate Behavior [ RunTime:0.009705s ]
INFO: [ view_template ] --END-- [ RunTime:0.009803s ]
INFO: [ view_parse ] --START--
INFO: Run ParseTemplate Behavior [ RunTime:0.082628s ]
INFO: [ view_parse ] --END-- [ RunTime:0.082790s ]
INFO: [ view_filter ] --START--
INFO: Run ContentReplace Behavior [ RunTime:0.002506s ]
INFO: Run TokenBuild Behavior [ RunTime:0.002137s ]
INFO: Run WriteHtmlCache Behavior [ RunTime:0.001401s ]
INFO: Run ShowRuntime Behavior [ RunTime:0.001896s ]
INFO: Run content_replace Behavior [ RunTime:0.017980s ]
INFO: [ view_filter ] --END-- [ RunTime:0.026263s ]
INFO: [ view_end ] --START--
INFO: Run ShowPageTrace Behavior [ RunTime:0.002553s ]
INFO: [ view_end ] --END-- [ RunTime:0.002635s ]

[ 2013-04-26T22:48:46+08:00 ] 36.32.161.254 /
INFO: [ app_begin ] --START--
INFO: Run ReadHtmlCache Behavior [ RunTime:0.001316s ]
INFO: [ app_begin ] --END-- [ RunTime:0.001446s ]
SQL: SHOW COLUMNS FROM `ik_message` [ RunTime:0.013956s ]
ERR: Table 'ikcharm_mgdatabase.ik_message' doesn't exist
 [ SQL语句 ] : SHOW COLUMNS FROM `ik_message`
SQL: SELECT COUNT(*) AS tp_count FROM `ik_message` WHERE ( `touserid` = null ) AND ( `isread` = 0 ) AND ( `isinbox` = 0 ) LIMIT 1   [ RunTime:0.000610s ]
ERR: Table 'ikcharm_mgdatabase.ik_message' doesn't exist
 [ SQL语句 ] : SELECT COUNT(*) AS tp_count FROM `ik_message` WHERE ( `touserid` = null ) AND ( `isread` = 0 ) AND ( `isinbox` = 0 ) LIMIT 1  
INFO: [ view_template ] --START--
INFO: Run LocationTemplate Behavior [ RunTime:0.001685s ]
INFO: [ view_template ] --END-- [ RunTime:0.001780s ]
INFO: [ view_parse ] --START--
INFO: Run ParseTemplate Behavior [ RunTime:0.020951s ]
INFO: [ view_parse ] --END-- [ RunTime:0.021070s ]
INFO: [ view_filter ] --START--
INFO: Run ContentReplace Behavior [ RunTime:0.001275s ]
INFO: Run TokenBuild Behavior [ RunTime:0.001136s ]
INFO: Run WriteHtmlCache Behavior [ RunTime:0.000969s ]
INFO: Run ShowRuntime Behavior [ RunTime:0.001186s ]
INFO: Run content_replace Behavior [ RunTime:0.001888s ]
INFO: [ view_filter ] --END-- [ RunTime:0.006747s ]
INFO: [ view_end ] --START--
INFO: Run ShowPageTrace Behavior [ RunTime:0.001329s ]
INFO: [ view_end ] --END-- [ RunTime:0.001415s ]

