[ 2013-04-19T10:41:40+08:00 ] 37.200.65.208 /
INFO: [ app_begin ] --START--
INFO: Run ReadHtmlCache Behavior [ RunTime:0.013303s ]
INFO: [ app_begin ] --END-- [ RunTime:0.013554s ]
SQL: SHOW COLUMNS FROM `ik_message` [ RunTime:0.035651s ]
ERR: Table 'ikcharm_mgdatabase.ik_message' doesn't exist
 [ SQL语句 ] : SHOW COLUMNS FROM `ik_message`
SQL: SELECT COUNT(*) AS tp_count FROM `ik_message` WHERE ( `touserid` = null ) AND ( `isread` = 0 ) AND ( `isinbox` = 0 ) LIMIT 1   [ RunTime:0.007458s ]
ERR: Table 'ikcharm_mgdatabase.ik_message' doesn't exist
 [ SQL语句 ] : SELECT COUNT(*) AS tp_count FROM `ik_message` WHERE ( `touserid` = null ) AND ( `isread` = 0 ) AND ( `isinbox` = 0 ) LIMIT 1  
INFO: [ view_template ] --START--
INFO: Run LocationTemplate Behavior [ RunTime:0.029821s ]
INFO: [ view_template ] --END-- [ RunTime:0.029980s ]
INFO: [ view_parse ] --START--
INFO: Run ParseTemplate Behavior [ RunTime:0.095517s ]
INFO: [ view_parse ] --END-- [ RunTime:0.095667s ]
INFO: [ view_filter ] --START--
INFO: Run ContentReplace Behavior [ RunTime:0.006863s ]
INFO: Run TokenBuild Behavior [ RunTime:0.002360s ]
INFO: Run WriteHtmlCache Behavior [ RunTime:0.002219s ]
INFO: Run ShowRuntime Behavior [ RunTime:0.010157s ]
INFO: Run content_replace Behavior [ RunTime:0.012137s ]
INFO: [ view_filter ] --END-- [ RunTime:0.034057s ]
INFO: [ view_end ] --START--
INFO: Run ShowPageTrace Behavior [ RunTime:0.005527s ]
INFO: [ view_end ] --END-- [ RunTime:0.005624s ]

[ 2013-04-19T10:46:06+08:00 ] 38.229.70.44 /
INFO: [ app_begin ] --START--
INFO: Run ReadHtmlCache Behavior [ RunTime:0.001284s ]
INFO: [ app_begin ] --END-- [ RunTime:0.001411s ]
SQL: SHOW COLUMNS FROM `ik_message` [ RunTime:0.020051s ]
ERR: Table 'ikcharm_mgdatabase.ik_message' doesn't exist
 [ SQL语句 ] : SHOW COLUMNS FROM `ik_message`
SQL: SELECT COUNT(*) AS tp_count FROM `ik_message` WHERE ( `touserid` = null ) AND ( `isread` = 0 ) AND ( `isinbox` = 0 ) LIMIT 1   [ RunTime:0.001058s ]
ERR: Table 'ikcharm_mgdatabase.ik_message' doesn't exist
 [ SQL语句 ] : SELECT COUNT(*) AS tp_count FROM `ik_message` WHERE ( `touserid` = null ) AND ( `isread` = 0 ) AND ( `isinbox` = 0 ) LIMIT 1  
INFO: [ view_template ] --START--
INFO: Run LocationTemplate Behavior [ RunTime:0.001699s ]
INFO: [ view_template ] --END-- [ RunTime:0.001789s ]
INFO: [ view_parse ] --START--
INFO: Run ParseTemplate Behavior [ RunTime:0.020093s ]
INFO: [ view_parse ] --END-- [ RunTime:0.020213s ]
INFO: [ view_filter ] --START--
INFO: Run ContentReplace Behavior [ RunTime:0.001234s ]
INFO: Run TokenBuild Behavior [ RunTime:0.001072s ]
INFO: Run WriteHtmlCache Behavior [ RunTime:0.000949s ]
INFO: Run ShowRuntime Behavior [ RunTime:0.001193s ]
INFO: Run content_replace Behavior [ RunTime:0.001717s ]
INFO: [ view_filter ] --END-- [ RunTime:0.006451s ]
INFO: [ view_end ] --START--
INFO: Run ShowPageTrace Behavior [ RunTime:0.001244s ]
INFO: [ view_end ] --END-- [ RunTime:0.001325s ]

[ 2013-04-19T19:44:56+08:00 ] 216.145.11.94 /
INFO: [ app_begin ] --START--
INFO: Run ReadHtmlCache Behavior [ RunTime:0.009197s ]
INFO: [ app_begin ] --END-- [ RunTime:0.009484s ]
SQL: SHOW COLUMNS FROM `ik_message` [ RunTime:0.475843s ]
ERR: Table 'ikcharm_mgdatabase.ik_message' doesn't exist
 [ SQL语句 ] : SHOW COLUMNS FROM `ik_message`
SQL: SELECT COUNT(*) AS tp_count FROM `ik_message` WHERE ( `touserid` = null ) AND ( `isread` = 0 ) AND ( `isinbox` = 0 ) LIMIT 1   [ RunTime:0.038549s ]
ERR: Table 'ikcharm_mgdatabase.ik_message' doesn't exist
 [ SQL语句 ] : SELECT COUNT(*) AS tp_count FROM `ik_message` WHERE ( `touserid` = null ) AND ( `isread` = 0 ) AND ( `isinbox` = 0 ) LIMIT 1  
INFO: [ view_template ] --START--
INFO: Run LocationTemplate Behavior [ RunTime:0.025560s ]
INFO: [ view_template ] --END-- [ RunTime:0.025792s ]
INFO: [ view_parse ] --START--
INFO: Run ParseTemplate Behavior [ RunTime:0.151642s ]
INFO: [ view_parse ] --END-- [ RunTime:0.151909s ]
INFO: [ view_filter ] --START--
INFO: Run ContentReplace Behavior [ RunTime:0.016758s ]
INFO: Run TokenBuild Behavior [ RunTime:0.003020s ]
INFO: Run WriteHtmlCache Behavior [ RunTime:0.001912s ]
INFO: Run ShowRuntime Behavior [ RunTime:0.001814s ]
INFO: Run content_replace Behavior [ RunTime:0.015790s ]
INFO: [ view_filter ] --END-- [ RunTime:0.039781s ]
INFO: [ view_end ] --START--
INFO: Run ShowPageTrace Behavior [ RunTime:0.002965s ]
INFO: [ view_end ] --END-- [ RunTime:0.003116s ]

[ 2013-04-19T20:28:17+08:00 ] 123.125.244.216 /
INFO: [ app_begin ] --START--
INFO: Run ReadHtmlCache Behavior [ RunTime:0.013038s ]
INFO: [ app_begin ] --END-- [ RunTime:0.013303s ]
SQL: SHOW COLUMNS FROM `ik_message` [ RunTime:0.080625s ]
ERR: Table 'ikcharm_mgdatabase.ik_message' doesn't exist
 [ SQL语句 ] : SHOW COLUMNS FROM `ik_message`
SQL: SELECT COUNT(*) AS tp_count FROM `ik_message` WHERE ( `touserid` = null ) AND ( `isread` = 0 ) AND ( `isinbox` = 0 ) LIMIT 1   [ RunTime:0.009583s ]
ERR: Table 'ikcharm_mgdatabase.ik_message' doesn't exist
 [ SQL语句 ] : SELECT COUNT(*) AS tp_count FROM `ik_message` WHERE ( `touserid` = null ) AND ( `isread` = 0 ) AND ( `isinbox` = 0 ) LIMIT 1  
INFO: [ view_template ] --START--
INFO: Run LocationTemplate Behavior [ RunTime:0.018209s ]
INFO: [ view_template ] --END-- [ RunTime:0.018462s ]
INFO: [ view_parse ] --START--
INFO: Run ParseTemplate Behavior [ RunTime:0.102169s ]
INFO: [ view_parse ] --END-- [ RunTime:0.102364s ]
INFO: [ view_filter ] --START--
INFO: Run ContentReplace Behavior [ RunTime:0.014411s ]
INFO: Run TokenBuild Behavior [ RunTime:0.002912s ]
INFO: Run WriteHtmlCache Behavior [ RunTime:0.002964s ]
INFO: Run ShowRuntime Behavior [ RunTime:0.003482s ]
INFO: Run content_replace Behavior [ RunTime:0.012103s ]
INFO: [ view_filter ] --END-- [ RunTime:0.036329s ]
INFO: [ view_end ] --START--
INFO: Run ShowPageTrace Behavior [ RunTime:0.007624s ]
INFO: [ view_end ] --END-- [ RunTime:0.007746s ]

