[ 2013-04-15T14:29:13+08:00 ] 124.193.183.18 /
INFO: [ app_begin ] --START--
INFO: Run ReadHtmlCache Behavior [ RunTime:0.019450s ]
INFO: [ app_begin ] --END-- [ RunTime:0.019619s ]
SQL: SHOW COLUMNS FROM `ik_message` [ RunTime:0.114524s ]
ERR: Table 'ikcharm_mgdatabase.ik_message' doesn't exist
 [ SQL语句 ] : SHOW COLUMNS FROM `ik_message`
SQL: SELECT COUNT(*) AS tp_count FROM `ik_message` WHERE ( `touserid` = null ) AND ( `isread` = 0 ) AND ( `isinbox` = 0 ) LIMIT 1   [ RunTime:0.013825s ]
ERR: Table 'ikcharm_mgdatabase.ik_message' doesn't exist
 [ SQL语句 ] : SELECT COUNT(*) AS tp_count FROM `ik_message` WHERE ( `touserid` = null ) AND ( `isread` = 0 ) AND ( `isinbox` = 0 ) LIMIT 1  
INFO: [ view_template ] --START--
INFO: Run LocationTemplate Behavior [ RunTime:0.020642s ]
INFO: [ view_template ] --END-- [ RunTime:0.020775s ]
INFO: [ view_parse ] --START--
INFO: Run ParseTemplate Behavior [ RunTime:0.105055s ]
INFO: [ view_parse ] --END-- [ RunTime:0.105193s ]
INFO: [ view_filter ] --START--
INFO: Run ContentReplace Behavior [ RunTime:0.002362s ]
INFO: Run TokenBuild Behavior [ RunTime:0.001626s ]
INFO: Run WriteHtmlCache Behavior [ RunTime:0.001504s ]
INFO: Run ShowRuntime Behavior [ RunTime:0.001735s ]
INFO: Run content_replace Behavior [ RunTime:0.017743s ]
INFO: [ view_filter ] --END-- [ RunTime:0.025260s ]
INFO: [ view_end ] --START--
INFO: Run ShowPageTrace Behavior [ RunTime:0.002059s ]
INFO: [ view_end ] --END-- [ RunTime:0.002185s ]

[ 2013-04-15T15:17:39+08:00 ] 124.193.183.18 /
INFO: [ app_begin ] --START--
INFO: Run ReadHtmlCache Behavior [ RunTime:0.001190s ]
INFO: [ app_begin ] --END-- [ RunTime:0.001362s ]
SQL: SHOW COLUMNS FROM `ik_message` [ RunTime:0.028400s ]
ERR: Table 'ikcharm_mgdatabase.ik_message' doesn't exist
 [ SQL语句 ] : SHOW COLUMNS FROM `ik_message`
SQL: SELECT COUNT(*) AS tp_count FROM `ik_message` WHERE ( `touserid` = null ) AND ( `isread` = 0 ) AND ( `isinbox` = 0 ) LIMIT 1   [ RunTime:0.068399s ]
ERR: Table 'ikcharm_mgdatabase.ik_message' doesn't exist
 [ SQL语句 ] : SELECT COUNT(*) AS tp_count FROM `ik_message` WHERE ( `touserid` = null ) AND ( `isread` = 0 ) AND ( `isinbox` = 0 ) LIMIT 1  
INFO: [ view_template ] --START--
INFO: Run LocationTemplate Behavior [ RunTime:0.001717s ]
INFO: [ view_template ] --END-- [ RunTime:0.001811s ]
INFO: [ view_parse ] --START--
INFO: Run ParseTemplate Behavior [ RunTime:0.019678s ]
INFO: [ view_parse ] --END-- [ RunTime:0.019762s ]
INFO: [ view_filter ] --START--
INFO: Run ContentReplace Behavior [ RunTime:0.001137s ]
INFO: Run TokenBuild Behavior [ RunTime:0.001056s ]
INFO: Run WriteHtmlCache Behavior [ RunTime:0.001056s ]
INFO: Run ShowRuntime Behavior [ RunTime:0.001092s ]
INFO: Run content_replace Behavior [ RunTime:0.001745s ]
INFO: [ view_filter ] --END-- [ RunTime:0.006389s ]
INFO: [ view_end ] --START--
INFO: Run ShowPageTrace Behavior [ RunTime:0.001205s ]
INFO: [ view_end ] --END-- [ RunTime:0.001290s ]

[ 2013-04-15T15:17:46+08:00 ] 14.17.29.85 /
INFO: [ app_begin ] --START--
INFO: Run ReadHtmlCache Behavior [ RunTime:0.001157s ]
INFO: [ app_begin ] --END-- [ RunTime:0.001260s ]
SQL: SHOW COLUMNS FROM `ik_message` [ RunTime:0.033726s ]
ERR: Table 'ikcharm_mgdatabase.ik_message' doesn't exist
 [ SQL语句 ] : SHOW COLUMNS FROM `ik_message`
SQL: SELECT COUNT(*) AS tp_count FROM `ik_message` WHERE ( `touserid` = null ) AND ( `isread` = 0 ) AND ( `isinbox` = 0 ) LIMIT 1   [ RunTime:0.282377s ]
ERR: Table 'ikcharm_mgdatabase.ik_message' doesn't exist
 [ SQL语句 ] : SELECT COUNT(*) AS tp_count FROM `ik_message` WHERE ( `touserid` = null ) AND ( `isread` = 0 ) AND ( `isinbox` = 0 ) LIMIT 1  
INFO: [ view_template ] --START--
INFO: Run LocationTemplate Behavior [ RunTime:0.001596s ]
INFO: [ view_template ] --END-- [ RunTime:0.001690s ]
INFO: [ view_parse ] --START--
INFO: Run ParseTemplate Behavior [ RunTime:0.019711s ]
INFO: [ view_parse ] --END-- [ RunTime:0.019830s ]
INFO: [ view_filter ] --START--
INFO: Run ContentReplace Behavior [ RunTime:0.001187s ]
INFO: Run TokenBuild Behavior [ RunTime:0.001022s ]
INFO: Run WriteHtmlCache Behavior [ RunTime:0.000887s ]
INFO: Run ShowRuntime Behavior [ RunTime:0.001187s ]
INFO: Run content_replace Behavior [ RunTime:0.001789s ]
INFO: [ view_filter ] --END-- [ RunTime:0.006370s ]
INFO: [ view_end ] --START--
INFO: Run ShowPageTrace Behavior [ RunTime:0.001256s ]
INFO: [ view_end ] --END-- [ RunTime:0.001377s ]

[ 2013-04-15T15:18:23+08:00 ] 14.17.29.86 /
INFO: [ app_begin ] --START--
INFO: Run ReadHtmlCache Behavior [ RunTime:0.001153s ]
INFO: [ app_begin ] --END-- [ RunTime:0.001313s ]
SQL: SHOW COLUMNS FROM `ik_message` [ RunTime:0.016993s ]
ERR: Table 'ikcharm_mgdatabase.ik_message' doesn't exist
 [ SQL语句 ] : SHOW COLUMNS FROM `ik_message`
SQL: SELECT COUNT(*) AS tp_count FROM `ik_message` WHERE ( `touserid` = null ) AND ( `isread` = 0 ) AND ( `isinbox` = 0 ) LIMIT 1   [ RunTime:0.010323s ]
ERR: Table 'ikcharm_mgdatabase.ik_message' doesn't exist
 [ SQL语句 ] : SELECT COUNT(*) AS tp_count FROM `ik_message` WHERE ( `touserid` = null ) AND ( `isread` = 0 ) AND ( `isinbox` = 0 ) LIMIT 1  
INFO: [ view_template ] --START--
INFO: Run LocationTemplate Behavior [ RunTime:0.001386s ]
INFO: [ view_template ] --END-- [ RunTime:0.001478s ]
INFO: [ view_parse ] --START--
INFO: Run ParseTemplate Behavior [ RunTime:0.018886s ]
INFO: [ view_parse ] --END-- [ RunTime:0.018997s ]
INFO: [ view_filter ] --START--
INFO: Run ContentReplace Behavior [ RunTime:0.001108s ]
INFO: Run TokenBuild Behavior [ RunTime:0.000917s ]
INFO: Run WriteHtmlCache Behavior [ RunTime:0.000854s ]
INFO: Run ShowRuntime Behavior [ RunTime:0.001065s ]
INFO: Run content_replace Behavior [ RunTime:0.001572s ]
INFO: [ view_filter ] --END-- [ RunTime:0.005791s ]
INFO: [ view_end ] --START--
INFO: Run ShowPageTrace Behavior [ RunTime:0.001103s ]
INFO: [ view_end ] --END-- [ RunTime:0.001182s ]

[ 2013-04-15T15:18:30+08:00 ] 222.134.87.106 /
INFO: [ app_begin ] --START--
INFO: Run ReadHtmlCache Behavior [ RunTime:0.001179s ]
INFO: [ app_begin ] --END-- [ RunTime:0.001393s ]
SQL: SHOW COLUMNS FROM `ik_message` [ RunTime:0.036012s ]
ERR: Table 'ikcharm_mgdatabase.ik_message' doesn't exist
 [ SQL语句 ] : SHOW COLUMNS FROM `ik_message`
SQL: SELECT COUNT(*) AS tp_count FROM `ik_message` WHERE ( `touserid` = null ) AND ( `isread` = 0 ) AND ( `isinbox` = 0 ) LIMIT 1   [ RunTime:0.013795s ]
ERR: Table 'ikcharm_mgdatabase.ik_message' doesn't exist
 [ SQL语句 ] : SELECT COUNT(*) AS tp_count FROM `ik_message` WHERE ( `touserid` = null ) AND ( `isread` = 0 ) AND ( `isinbox` = 0 ) LIMIT 1  
INFO: [ view_template ] --START--
INFO: Run LocationTemplate Behavior [ RunTime:0.001597s ]
INFO: [ view_template ] --END-- [ RunTime:0.001687s ]
INFO: [ view_parse ] --START--
INFO: Run ParseTemplate Behavior [ RunTime:0.019278s ]
INFO: [ view_parse ] --END-- [ RunTime:0.019437s ]
INFO: [ view_filter ] --START--
INFO: Run ContentReplace Behavior [ RunTime:0.001145s ]
INFO: Run TokenBuild Behavior [ RunTime:0.001026s ]
INFO: Run WriteHtmlCache Behavior [ RunTime:0.000927s ]
INFO: Run ShowRuntime Behavior [ RunTime:0.001086s ]
INFO: Run content_replace Behavior [ RunTime:0.001661s ]
INFO: [ view_filter ] --END-- [ RunTime:0.006118s ]
INFO: [ view_end ] --START--
INFO: Run ShowPageTrace Behavior [ RunTime:0.001142s ]
INFO: [ view_end ] --END-- [ RunTime:0.001221s ]

[ 2013-04-15T15:48:30+08:00 ] 112.65.193.16 /
INFO: [ app_begin ] --START--
INFO: Run ReadHtmlCache Behavior [ RunTime:0.001219s ]
INFO: [ app_begin ] --END-- [ RunTime:0.001340s ]
SQL: SHOW COLUMNS FROM `ik_message` [ RunTime:0.017104s ]
ERR: Table 'ikcharm_mgdatabase.ik_message' doesn't exist
 [ SQL语句 ] : SHOW COLUMNS FROM `ik_message`
SQL: SELECT COUNT(*) AS tp_count FROM `ik_message` WHERE ( `touserid` = null ) AND ( `isread` = 0 ) AND ( `isinbox` = 0 ) LIMIT 1   [ RunTime:0.000830s ]
ERR: Table 'ikcharm_mgdatabase.ik_message' doesn't exist
 [ SQL语句 ] : SELECT COUNT(*) AS tp_count FROM `ik_message` WHERE ( `touserid` = null ) AND ( `isread` = 0 ) AND ( `isinbox` = 0 ) LIMIT 1  
INFO: [ view_template ] --START--
INFO: Run LocationTemplate Behavior [ RunTime:0.001536s ]
INFO: [ view_template ] --END-- [ RunTime:0.001622s ]
INFO: [ view_parse ] --START--
INFO: Run ParseTemplate Behavior [ RunTime:0.019048s ]
INFO: [ view_parse ] --END-- [ RunTime:0.019145s ]
INFO: [ view_filter ] --START--
INFO: Run ContentReplace Behavior [ RunTime:0.001176s ]
INFO: Run TokenBuild Behavior [ RunTime:0.001023s ]
INFO: Run WriteHtmlCache Behavior [ RunTime:0.000896s ]
INFO: Run ShowRuntime Behavior [ RunTime:0.001077s ]
INFO: Run content_replace Behavior [ RunTime:0.001777s ]
INFO: [ view_filter ] --END-- [ RunTime:0.006226s ]
INFO: [ view_end ] --START--
INFO: Run ShowPageTrace Behavior [ RunTime:0.001188s ]
INFO: [ view_end ] --END-- [ RunTime:0.001268s ]

[ 2013-04-15T16:54:03+08:00 ] 124.193.183.18 /
INFO: [ app_begin ] --START--
INFO: Run ReadHtmlCache Behavior [ RunTime:0.001503s ]
INFO: [ app_begin ] --END-- [ RunTime:0.001660s ]
SQL: SHOW COLUMNS FROM `ik_message` [ RunTime:0.023447s ]
ERR: Table 'ikcharm_mgdatabase.ik_message' doesn't exist
 [ SQL语句 ] : SHOW COLUMNS FROM `ik_message`
SQL: SELECT COUNT(*) AS tp_count FROM `ik_message` WHERE ( `touserid` = null ) AND ( `isread` = 0 ) AND ( `isinbox` = 0 ) LIMIT 1   [ RunTime:0.005304s ]
ERR: Table 'ikcharm_mgdatabase.ik_message' doesn't exist
 [ SQL语句 ] : SELECT COUNT(*) AS tp_count FROM `ik_message` WHERE ( `touserid` = null ) AND ( `isread` = 0 ) AND ( `isinbox` = 0 ) LIMIT 1  
INFO: [ view_template ] --START--
INFO: Run LocationTemplate Behavior [ RunTime:0.002501s ]
INFO: [ view_template ] --END-- [ RunTime:0.002657s ]
INFO: [ view_parse ] --START--
INFO: Run ParseTemplate Behavior [ RunTime:0.024775s ]
INFO: [ view_parse ] --END-- [ RunTime:0.024925s ]
INFO: [ view_filter ] --START--
INFO: Run ContentReplace Behavior [ RunTime:0.001427s ]
INFO: Run TokenBuild Behavior [ RunTime:0.001798s ]
INFO: Run WriteHtmlCache Behavior [ RunTime:0.001020s ]
INFO: Run ShowRuntime Behavior [ RunTime:0.001209s ]
INFO: Run content_replace Behavior [ RunTime:0.001912s ]
INFO: [ view_filter ] --END-- [ RunTime:0.007734s ]
INFO: [ view_end ] --START--
INFO: Run ShowPageTrace Behavior [ RunTime:0.001473s ]
INFO: [ view_end ] --END-- [ RunTime:0.001581s ]

[ 2013-04-15T18:33:58+08:00 ] 38.100.21.66 /
INFO: [ app_begin ] --START--
INFO: Run ReadHtmlCache Behavior [ RunTime:0.009625s ]
INFO: [ app_begin ] --END-- [ RunTime:0.009787s ]
SQL: SHOW COLUMNS FROM `ik_message` [ RunTime:0.117720s ]
ERR: Table 'ikcharm_mgdatabase.ik_message' doesn't exist
 [ SQL语句 ] : SHOW COLUMNS FROM `ik_message`
SQL: SELECT COUNT(*) AS tp_count FROM `ik_message` WHERE ( `touserid` = null ) AND ( `isread` = 0 ) AND ( `isinbox` = 0 ) LIMIT 1   [ RunTime:0.000925s ]
ERR: Table 'ikcharm_mgdatabase.ik_message' doesn't exist
 [ SQL语句 ] : SELECT COUNT(*) AS tp_count FROM `ik_message` WHERE ( `touserid` = null ) AND ( `isread` = 0 ) AND ( `isinbox` = 0 ) LIMIT 1  
INFO: [ view_template ] --START--
INFO: Run LocationTemplate Behavior [ RunTime:0.001874s ]
INFO: [ view_template ] --END-- [ RunTime:0.001999s ]
INFO: [ view_parse ] --START--
INFO: Run ParseTemplate Behavior [ RunTime:0.047808s ]
INFO: [ view_parse ] --END-- [ RunTime:0.047964s ]
INFO: [ view_filter ] --START--
INFO: Run ContentReplace Behavior [ RunTime:0.001425s ]
INFO: Run TokenBuild Behavior [ RunTime:0.001199s ]
INFO: Run WriteHtmlCache Behavior [ RunTime:0.001057s ]
INFO: Run ShowRuntime Behavior [ RunTime:0.001312s ]
INFO: Run content_replace Behavior [ RunTime:0.001942s ]
INFO: [ view_filter ] --END-- [ RunTime:0.007249s ]
INFO: [ view_end ] --START--
INFO: Run ShowPageTrace Behavior [ RunTime:0.001313s ]
INFO: [ view_end ] --END-- [ RunTime:0.001413s ]

[ 2013-04-15T18:33:59+08:00 ] 38.100.21.66 /index.php/exp/add
INFO: [ route_check ] --START--
INFO: Run CheckRoute Behavior [ RunTime:0.041235s ]
INFO: [ route_check ] --END-- [ RunTime:0.041439s ]
INFO: [ app_begin ] --START--
INFO: Run ReadHtmlCache Behavior [ RunTime:0.001304s ]
INFO: [ app_begin ] --END-- [ RunTime:0.001397s ]
SQL: SHOW COLUMNS FROM `ik_message` [ RunTime:0.015256s ]
ERR: Table 'ikcharm_mgdatabase.ik_message' doesn't exist
 [ SQL语句 ] : SHOW COLUMNS FROM `ik_message`
SQL: SELECT COUNT(*) AS tp_count FROM `ik_message` WHERE ( `touserid` = null ) AND ( `isread` = 0 ) AND ( `isinbox` = 0 ) LIMIT 1   [ RunTime:0.001412s ]
ERR: Table 'ikcharm_mgdatabase.ik_message' doesn't exist
 [ SQL语句 ] : SELECT COUNT(*) AS tp_count FROM `ik_message` WHERE ( `touserid` = null ) AND ( `isread` = 0 ) AND ( `isinbox` = 0 ) LIMIT 1  
INFO: [ view_template ] --START--
INFO: Run LocationTemplate Behavior [ RunTime:0.001738s ]
INFO: [ view_template ] --END-- [ RunTime:0.001833s ]
INFO: [ view_parse ] --START--
INFO: Run ParseTemplate Behavior [ RunTime:0.016107s ]
INFO: [ view_parse ] --END-- [ RunTime:0.016230s ]
INFO: [ view_filter ] --START--
INFO: Run ContentReplace Behavior [ RunTime:0.001233s ]
INFO: Run TokenBuild Behavior [ RunTime:0.001140s ]
INFO: Run WriteHtmlCache Behavior [ RunTime:0.001117s ]
INFO: Run ShowRuntime Behavior [ RunTime:0.001199s ]
INFO: Run content_replace Behavior [ RunTime:0.001848s ]
INFO: [ view_filter ] --END-- [ RunTime:0.006829s ]
INFO: [ view_end ] --START--
INFO: Run ShowPageTrace Behavior [ RunTime:0.001341s ]
INFO: [ view_end ] --END-- [ RunTime:0.001446s ]

[ 2013-04-15T18:33:59+08:00 ] ERR: (ThinkException) 模板不存在[./app/Tpl/home/doc/add.html]
[ 2013-04-15T18:34:00+08:00 ] ERR: (ThinkException) 非法操作:add
[ 2013-04-15T20:26:09+08:00 ] 123.125.244.216 /
INFO: [ app_begin ] --START--
INFO: Run ReadHtmlCache Behavior [ RunTime:0.003492s ]
INFO: [ app_begin ] --END-- [ RunTime:0.003979s ]
SQL: SHOW COLUMNS FROM `ik_message` [ RunTime:0.023502s ]
ERR: Table 'ikcharm_mgdatabase.ik_message' doesn't exist
 [ SQL语句 ] : SHOW COLUMNS FROM `ik_message`
SQL: SELECT COUNT(*) AS tp_count FROM `ik_message` WHERE ( `touserid` = null ) AND ( `isread` = 0 ) AND ( `isinbox` = 0 ) LIMIT 1   [ RunTime:0.006303s ]
ERR: Table 'ikcharm_mgdatabase.ik_message' doesn't exist
 [ SQL语句 ] : SELECT COUNT(*) AS tp_count FROM `ik_message` WHERE ( `touserid` = null ) AND ( `isread` = 0 ) AND ( `isinbox` = 0 ) LIMIT 1  
INFO: [ view_template ] --START--
INFO: Run LocationTemplate Behavior [ RunTime:0.005982s ]
INFO: [ view_template ] --END-- [ RunTime:0.006158s ]
INFO: [ view_parse ] --START--
INFO: Run ParseTemplate Behavior [ RunTime:0.102048s ]
INFO: [ view_parse ] --END-- [ RunTime:0.102231s ]
INFO: [ view_filter ] --START--
INFO: Run ContentReplace Behavior [ RunTime:0.017773s ]
INFO: Run TokenBuild Behavior [ RunTime:0.002427s ]
INFO: Run WriteHtmlCache Behavior [ RunTime:0.001631s ]
INFO: Run ShowRuntime Behavior [ RunTime:0.002257s ]
INFO: Run content_replace Behavior [ RunTime:0.029997s ]
INFO: [ view_filter ] --END-- [ RunTime:0.054526s ]
INFO: [ view_end ] --START--
INFO: Run ShowPageTrace Behavior [ RunTime:0.002050s ]
INFO: [ view_end ] --END-- [ RunTime:0.002155s ]

