[ 2013-04-14T10:23:28+08:00 ] 60.171.124.67 /
INFO: [ app_begin ] --START--
INFO: Run ReadHtmlCache Behavior [ RunTime:0.015919s ]
INFO: [ app_begin ] --END-- [ RunTime:0.016165s ]
SQL: SHOW COLUMNS FROM `ik_message` [ RunTime:0.028519s ]
ERR: Table 'ikcharm_mgdatabase.ik_message' doesn't exist
 [ SQL语句 ] : SHOW COLUMNS FROM `ik_message`
SQL: SELECT COUNT(*) AS tp_count FROM `ik_message` WHERE ( `touserid` = null ) AND ( `isread` = 0 ) AND ( `isinbox` = 0 ) LIMIT 1   [ RunTime:0.002916s ]
ERR: Table 'ikcharm_mgdatabase.ik_message' doesn't exist
 [ SQL语句 ] : SELECT COUNT(*) AS tp_count FROM `ik_message` WHERE ( `touserid` = null ) AND ( `isread` = 0 ) AND ( `isinbox` = 0 ) LIMIT 1  
INFO: [ view_template ] --START--
INFO: Run LocationTemplate Behavior [ RunTime:0.011106s ]
INFO: [ view_template ] --END-- [ RunTime:0.011346s ]
INFO: [ view_parse ] --START--
INFO: Run ParseTemplate Behavior [ RunTime:0.102993s ]
INFO: [ view_parse ] --END-- [ RunTime:0.103166s ]
INFO: [ view_filter ] --START--
INFO: Run ContentReplace Behavior [ RunTime:0.003245s ]
INFO: Run TokenBuild Behavior [ RunTime:0.002164s ]
INFO: Run WriteHtmlCache Behavior [ RunTime:0.001660s ]
INFO: Run ShowRuntime Behavior [ RunTime:0.001960s ]
INFO: Run content_replace Behavior [ RunTime:0.010350s ]
INFO: [ view_filter ] --END-- [ RunTime:0.019705s ]
INFO: [ view_end ] --START--
INFO: Run ShowPageTrace Behavior [ RunTime:0.002207s ]
INFO: [ view_end ] --END-- [ RunTime:0.002315s ]

[ 2013-04-14T10:23:51+08:00 ] 60.171.124.67 /index.php/user/register
INFO: [ route_check ] --START--
INFO: Run CheckRoute Behavior [ RunTime:0.006393s ]
INFO: [ route_check ] --END-- [ RunTime:0.006589s ]
INFO: [ app_begin ] --START--
INFO: Run ReadHtmlCache Behavior [ RunTime:0.001235s ]
INFO: [ app_begin ] --END-- [ RunTime:0.001325s ]
SQL: SHOW COLUMNS FROM `ik_message` [ RunTime:0.020783s ]
ERR: Table 'ikcharm_mgdatabase.ik_message' doesn't exist
 [ SQL语句 ] : SHOW COLUMNS FROM `ik_message`
SQL: SELECT COUNT(*) AS tp_count FROM `ik_message` WHERE ( `touserid` = null ) AND ( `isread` = 0 ) AND ( `isinbox` = 0 ) LIMIT 1   [ RunTime:0.031402s ]
ERR: Table 'ikcharm_mgdatabase.ik_message' doesn't exist
 [ SQL语句 ] : SELECT COUNT(*) AS tp_count FROM `ik_message` WHERE ( `touserid` = null ) AND ( `isread` = 0 ) AND ( `isinbox` = 0 ) LIMIT 1  
SQL: SHOW COLUMNS FROM `ik_user` [ RunTime:0.076132s ]
INFO: [ view_template ] --START--
INFO: Run LocationTemplate Behavior [ RunTime:0.014840s ]
INFO: [ view_template ] --END-- [ RunTime:0.015053s ]
INFO: [ view_parse ] --START--
INFO: Run ParseTemplate Behavior [ RunTime:0.026325s ]
INFO: [ view_parse ] --END-- [ RunTime:0.026476s ]
INFO: [ view_filter ] --START--
INFO: Run ContentReplace Behavior [ RunTime:0.001154s ]
INFO: Run TokenBuild Behavior [ RunTime:0.001110s ]
INFO: Run WriteHtmlCache Behavior [ RunTime:0.001152s ]
INFO: Run ShowRuntime Behavior [ RunTime:0.001199s ]
INFO: Run content_replace Behavior [ RunTime:0.001786s ]
INFO: [ view_filter ] --END-- [ RunTime:0.006691s ]
INFO: [ view_end ] --START--
INFO: Run ShowPageTrace Behavior [ RunTime:0.001279s ]
INFO: [ view_end ] --END-- [ RunTime:0.001363s ]

[ 2013-04-14T10:23:52+08:00 ] 60.171.124.67 /index.php/captcha/1365906231
INFO: [ route_check ] --START--
INFO: Run CheckRoute Behavior [ RunTime:0.001652s ]
INFO: [ route_check ] --END-- [ RunTime:0.001847s ]
INFO: [ app_begin ] --START--
INFO: Run ReadHtmlCache Behavior [ RunTime:0.001328s ]
INFO: [ app_begin ] --END-- [ RunTime:0.001449s ]
SQL: SHOW COLUMNS FROM `ik_message` [ RunTime:0.030851s ]
ERR: Table 'ikcharm_mgdatabase.ik_message' doesn't exist
 [ SQL语句 ] : SHOW COLUMNS FROM `ik_message`
SQL: SELECT COUNT(*) AS tp_count FROM `ik_message` WHERE ( `touserid` = null ) AND ( `isread` = 0 ) AND ( `isinbox` = 0 ) LIMIT 1   [ RunTime:0.010561s ]
ERR: Table 'ikcharm_mgdatabase.ik_message' doesn't exist
 [ SQL语句 ] : SELECT COUNT(*) AS tp_count FROM `ik_message` WHERE ( `touserid` = null ) AND ( `isread` = 0 ) AND ( `isinbox` = 0 ) LIMIT 1  
NOTIC: [8] Undefined index: width /var/www/vhosts/mgdatabase.com/httpdocs/app/Lib/ORG/Captcha.class.php 第 28 行.
NOTIC: [8] Undefined index: height /var/www/vhosts/mgdatabase.com/httpdocs/app/Lib/ORG/Captcha.class.php 第 29 行.
NOTIC: [8] A session had already been started - ignoring session_start() /var/www/vhosts/mgdatabase.com/httpdocs/app/Lib/ORG/Captcha.class.php 第 42 行.

[ 2013-04-14T10:24:13+08:00 ] 60.171.124.67 /index.php/captcha/1365906231
INFO: [ route_check ] --START--
INFO: Run CheckRoute Behavior [ RunTime:0.001495s ]
INFO: [ route_check ] --END-- [ RunTime:0.001625s ]
INFO: [ app_begin ] --START--
INFO: Run ReadHtmlCache Behavior [ RunTime:0.001254s ]
INFO: [ app_begin ] --END-- [ RunTime:0.001342s ]
SQL: SHOW COLUMNS FROM `ik_message` [ RunTime:0.391684s ]
ERR: Table 'ikcharm_mgdatabase.ik_message' doesn't exist
 [ SQL语句 ] : SHOW COLUMNS FROM `ik_message`
SQL: SELECT COUNT(*) AS tp_count FROM `ik_message` WHERE ( `touserid` = null ) AND ( `isread` = 0 ) AND ( `isinbox` = 0 ) LIMIT 1   [ RunTime:0.038887s ]
ERR: Table 'ikcharm_mgdatabase.ik_message' doesn't exist
 [ SQL语句 ] : SELECT COUNT(*) AS tp_count FROM `ik_message` WHERE ( `touserid` = null ) AND ( `isread` = 0 ) AND ( `isinbox` = 0 ) LIMIT 1  
NOTIC: [8] Undefined index: width /var/www/vhosts/mgdatabase.com/httpdocs/app/Lib/ORG/Captcha.class.php 第 28 行.
NOTIC: [8] Undefined index: height /var/www/vhosts/mgdatabase.com/httpdocs/app/Lib/ORG/Captcha.class.php 第 29 行.
NOTIC: [8] A session had already been started - ignoring session_start() /var/www/vhosts/mgdatabase.com/httpdocs/app/Lib/ORG/Captcha.class.php 第 42 行.

[ 2013-04-14T10:24:30+08:00 ] ERR: (ThinkException) 非法操作:xwlist
[ 2013-04-14T10:24:35+08:00 ] ERR: (ThinkException) 非法操作:qlist
[ 2013-04-14T10:24:38+08:00 ] 60.171.124.67 /
INFO: [ app_begin ] --START--
INFO: Run ReadHtmlCache Behavior [ RunTime:0.001669s ]
INFO: [ app_begin ] --END-- [ RunTime:0.002181s ]
SQL: SHOW COLUMNS FROM `ik_message` [ RunTime:0.034879s ]
ERR: Table 'ikcharm_mgdatabase.ik_message' doesn't exist
 [ SQL语句 ] : SHOW COLUMNS FROM `ik_message`
SQL: SELECT COUNT(*) AS tp_count FROM `ik_message` WHERE ( `touserid` = null ) AND ( `isread` = 0 ) AND ( `isinbox` = 0 ) LIMIT 1   [ RunTime:0.033154s ]
ERR: Table 'ikcharm_mgdatabase.ik_message' doesn't exist
 [ SQL语句 ] : SELECT COUNT(*) AS tp_count FROM `ik_message` WHERE ( `touserid` = null ) AND ( `isread` = 0 ) AND ( `isinbox` = 0 ) LIMIT 1  
INFO: [ view_template ] --START--
INFO: Run LocationTemplate Behavior [ RunTime:0.001927s ]
INFO: [ view_template ] --END-- [ RunTime:0.002074s ]
INFO: [ view_parse ] --START--
INFO: Run ParseTemplate Behavior [ RunTime:0.023720s ]
INFO: [ view_parse ] --END-- [ RunTime:0.023854s ]
INFO: [ view_filter ] --START--
INFO: Run ContentReplace Behavior [ RunTime:0.001342s ]
INFO: Run TokenBuild Behavior [ RunTime:0.001126s ]
INFO: Run WriteHtmlCache Behavior [ RunTime:0.000991s ]
INFO: Run ShowRuntime Behavior [ RunTime:0.001294s ]
INFO: Run content_replace Behavior [ RunTime:0.002008s ]
INFO: [ view_filter ] --END-- [ RunTime:0.007076s ]
INFO: [ view_end ] --START--
INFO: Run ShowPageTrace Behavior [ RunTime:0.001298s ]
INFO: [ view_end ] --END-- [ RunTime:0.001402s ]

[ 2013-04-14T10:26:13+08:00 ] 60.171.124.67 /
INFO: [ app_begin ] --START--
INFO: Run ReadHtmlCache Behavior [ RunTime:0.001386s ]
INFO: [ app_begin ] --END-- [ RunTime:0.001539s ]
SQL: SHOW COLUMNS FROM `ik_message` [ RunTime:0.025237s ]
ERR: Table 'ikcharm_mgdatabase.ik_message' doesn't exist
 [ SQL语句 ] : SHOW COLUMNS FROM `ik_message`
SQL: SELECT COUNT(*) AS tp_count FROM `ik_message` WHERE ( `touserid` = null ) AND ( `isread` = 0 ) AND ( `isinbox` = 0 ) LIMIT 1   [ RunTime:0.012827s ]
ERR: Table 'ikcharm_mgdatabase.ik_message' doesn't exist
 [ SQL语句 ] : SELECT COUNT(*) AS tp_count FROM `ik_message` WHERE ( `touserid` = null ) AND ( `isread` = 0 ) AND ( `isinbox` = 0 ) LIMIT 1  
INFO: [ view_template ] --START--
INFO: Run LocationTemplate Behavior [ RunTime:0.001751s ]
INFO: [ view_template ] --END-- [ RunTime:0.001876s ]
INFO: [ view_parse ] --START--
INFO: Run ParseTemplate Behavior [ RunTime:0.021067s ]
INFO: [ view_parse ] --END-- [ RunTime:0.021237s ]
INFO: [ view_filter ] --START--
INFO: Run ContentReplace Behavior [ RunTime:0.001251s ]
INFO: Run TokenBuild Behavior [ RunTime:0.001155s ]
INFO: Run WriteHtmlCache Behavior [ RunTime:0.001023s ]
INFO: Run ShowRuntime Behavior [ RunTime:0.001188s ]
INFO: Run content_replace Behavior [ RunTime:0.001837s ]
INFO: [ view_filter ] --END-- [ RunTime:0.006777s ]
INFO: [ view_end ] --START--
INFO: Run ShowPageTrace Behavior [ RunTime:0.001357s ]
INFO: [ view_end ] --END-- [ RunTime:0.001455s ]

[ 2013-04-14T19:00:09+08:00 ] 199.21.99.86 /
INFO: [ app_begin ] --START--
INFO: Run ReadHtmlCache Behavior [ RunTime:0.014579s ]
INFO: [ app_begin ] --END-- [ RunTime:0.014921s ]
SQL: SHOW COLUMNS FROM `ik_message` [ RunTime:0.051836s ]
ERR: Table 'ikcharm_mgdatabase.ik_message' doesn't exist
 [ SQL语句 ] : SHOW COLUMNS FROM `ik_message`
SQL: SELECT COUNT(*) AS tp_count FROM `ik_message` WHERE ( `touserid` = null ) AND ( `isread` = 0 ) AND ( `isinbox` = 0 ) LIMIT 1   [ RunTime:0.001704s ]
ERR: Table 'ikcharm_mgdatabase.ik_message' doesn't exist
 [ SQL语句 ] : SELECT COUNT(*) AS tp_count FROM `ik_message` WHERE ( `touserid` = null ) AND ( `isread` = 0 ) AND ( `isinbox` = 0 ) LIMIT 1  
INFO: [ view_template ] --START--
INFO: Run LocationTemplate Behavior [ RunTime:0.015628s ]
INFO: [ view_template ] --END-- [ RunTime:0.015823s ]
INFO: [ view_parse ] --START--
INFO: Run ParseTemplate Behavior [ RunTime:0.342827s ]
INFO: [ view_parse ] --END-- [ RunTime:0.342979s ]
INFO: [ view_filter ] --START--
INFO: Run ContentReplace Behavior [ RunTime:0.036947s ]
INFO: Run TokenBuild Behavior [ RunTime:0.027544s ]
INFO: Run WriteHtmlCache Behavior [ RunTime:0.016610s ]
INFO: Run ShowRuntime Behavior [ RunTime:0.028150s ]
INFO: Run content_replace Behavior [ RunTime:0.021592s ]
INFO: [ view_filter ] --END-- [ RunTime:0.131295s ]
INFO: [ view_end ] --START--
INFO: Run ShowPageTrace Behavior [ RunTime:0.017188s ]
INFO: [ view_end ] --END-- [ RunTime:0.017320s ]

[ 2013-04-14T20:40:45+08:00 ] 123.125.244.216 /
INFO: [ app_begin ] --START--
INFO: Run ReadHtmlCache Behavior [ RunTime:0.009445s ]
INFO: [ app_begin ] --END-- [ RunTime:0.009616s ]
SQL: SHOW COLUMNS FROM `ik_message` [ RunTime:0.021054s ]
ERR: Table 'ikcharm_mgdatabase.ik_message' doesn't exist
 [ SQL语句 ] : SHOW COLUMNS FROM `ik_message`
SQL: SELECT COUNT(*) AS tp_count FROM `ik_message` WHERE ( `touserid` = null ) AND ( `isread` = 0 ) AND ( `isinbox` = 0 ) LIMIT 1   [ RunTime:0.014893s ]
ERR: Table 'ikcharm_mgdatabase.ik_message' doesn't exist
 [ SQL语句 ] : SELECT COUNT(*) AS tp_count FROM `ik_message` WHERE ( `touserid` = null ) AND ( `isread` = 0 ) AND ( `isinbox` = 0 ) LIMIT 1  
INFO: [ view_template ] --START--
INFO: Run LocationTemplate Behavior [ RunTime:0.002981s ]
INFO: [ view_template ] --END-- [ RunTime:0.003083s ]
INFO: [ view_parse ] --START--
INFO: Run ParseTemplate Behavior [ RunTime:0.101542s ]
INFO: [ view_parse ] --END-- [ RunTime:0.101670s ]
INFO: [ view_filter ] --START--
INFO: Run ContentReplace Behavior [ RunTime:0.002763s ]
INFO: Run TokenBuild Behavior [ RunTime:0.001831s ]
INFO: Run WriteHtmlCache Behavior [ RunTime:0.001925s ]
INFO: Run ShowRuntime Behavior [ RunTime:0.002392s ]
INFO: Run content_replace Behavior [ RunTime:0.025642s ]
INFO: [ view_filter ] --END-- [ RunTime:0.034868s ]
INFO: [ view_end ] --START--
INFO: Run ShowPageTrace Behavior [ RunTime:0.002109s ]
INFO: [ view_end ] --END-- [ RunTime:0.002199s ]

