[ 2013-04-27T08:42:50+08:00 ] 23.20.34.174 /
INFO: [ app_begin ] --START--
INFO: Run ReadHtmlCache Behavior [ RunTime:0.013031s ]
INFO: [ app_begin ] --END-- [ RunTime:0.013252s ]
SQL: SHOW COLUMNS FROM `ik_message` [ RunTime:0.037860s ]
ERR: Table 'ikcharm_mgdatabase.ik_message' doesn't exist
 [ SQL语句 ] : SHOW COLUMNS FROM `ik_message`
SQL: SELECT COUNT(*) AS tp_count FROM `ik_message` WHERE ( `touserid` = null ) AND ( `isread` = 0 ) AND ( `isinbox` = 0 ) LIMIT 1   [ RunTime:0.000562s ]
ERR: Table 'ikcharm_mgdatabase.ik_message' doesn't exist
 [ SQL语句 ] : SELECT COUNT(*) AS tp_count FROM `ik_message` WHERE ( `touserid` = null ) AND ( `isread` = 0 ) AND ( `isinbox` = 0 ) LIMIT 1  
INFO: [ view_template ] --START--
INFO: Run LocationTemplate Behavior [ RunTime:0.017952s ]
INFO: [ view_template ] --END-- [ RunTime:0.018054s ]
INFO: [ view_parse ] --START--
INFO: Run ParseTemplate Behavior [ RunTime:0.091196s ]
INFO: [ view_parse ] --END-- [ RunTime:0.091302s ]
INFO: [ view_filter ] --START--
INFO: Run ContentReplace Behavior [ RunTime:0.005840s ]
INFO: Run TokenBuild Behavior [ RunTime:0.001956s ]
INFO: Run WriteHtmlCache Behavior [ RunTime:0.001691s ]
INFO: Run ShowRuntime Behavior [ RunTime:0.002065s ]
INFO: Run content_replace Behavior [ RunTime:0.015374s ]
INFO: [ view_filter ] --END-- [ RunTime:0.027226s ]
INFO: [ view_end ] --START--
INFO: Run ShowPageTrace Behavior [ RunTime:0.002639s ]
INFO: [ view_end ] --END-- [ RunTime:0.002724s ]

[ 2013-04-27T09:09:20+08:00 ] 60.171.124.70 /
INFO: [ app_begin ] --START--
INFO: Run ReadHtmlCache Behavior [ RunTime:0.001484s ]
INFO: [ app_begin ] --END-- [ RunTime:0.001621s ]
SQL: SHOW COLUMNS FROM `ik_message` [ RunTime:0.020394s ]
ERR: Table 'ikcharm_mgdatabase.ik_message' doesn't exist
 [ SQL语句 ] : SHOW COLUMNS FROM `ik_message`
SQL: SELECT COUNT(*) AS tp_count FROM `ik_message` WHERE ( `touserid` = null ) AND ( `isread` = 0 ) AND ( `isinbox` = 0 ) LIMIT 1   [ RunTime:0.002478s ]
ERR: Table 'ikcharm_mgdatabase.ik_message' doesn't exist
 [ SQL语句 ] : SELECT COUNT(*) AS tp_count FROM `ik_message` WHERE ( `touserid` = null ) AND ( `isread` = 0 ) AND ( `isinbox` = 0 ) LIMIT 1  
INFO: [ view_template ] --START--
INFO: Run LocationTemplate Behavior [ RunTime:0.001640s ]
INFO: [ view_template ] --END-- [ RunTime:0.001746s ]
INFO: [ view_parse ] --START--
INFO: Run ParseTemplate Behavior [ RunTime:0.020637s ]
INFO: [ view_parse ] --END-- [ RunTime:0.020743s ]
INFO: [ view_filter ] --START--
INFO: Run ContentReplace Behavior [ RunTime:0.001253s ]
INFO: Run TokenBuild Behavior [ RunTime:0.001164s ]
INFO: Run WriteHtmlCache Behavior [ RunTime:0.001000s ]
INFO: Run ShowRuntime Behavior [ RunTime:0.001166s ]
INFO: Run content_replace Behavior [ RunTime:0.001870s ]
INFO: [ view_filter ] --END-- [ RunTime:0.006766s ]
INFO: [ view_end ] --START--
INFO: Run ShowPageTrace Behavior [ RunTime:0.001485s ]
INFO: [ view_end ] --END-- [ RunTime:0.001614s ]

[ 2013-04-27T09:09:30+08:00 ] ERR: (ThinkException) 模板不存在[./app/Tpl/home/doc/add.html]
[ 2013-04-27T09:09:33+08:00 ] 60.171.124.70 /index.php/user/register
INFO: [ route_check ] --START--
INFO: Run CheckRoute Behavior [ RunTime:0.001524s ]
INFO: [ route_check ] --END-- [ RunTime:0.001744s ]
INFO: [ app_begin ] --START--
INFO: Run ReadHtmlCache Behavior [ RunTime:0.001263s ]
INFO: [ app_begin ] --END-- [ RunTime:0.001365s ]
SQL: SHOW COLUMNS FROM `ik_message` [ RunTime:0.029377s ]
ERR: Table 'ikcharm_mgdatabase.ik_message' doesn't exist
 [ SQL语句 ] : SHOW COLUMNS FROM `ik_message`
SQL: SELECT COUNT(*) AS tp_count FROM `ik_message` WHERE ( `touserid` = null ) AND ( `isread` = 0 ) AND ( `isinbox` = 0 ) LIMIT 1   [ RunTime:0.000633s ]
ERR: Table 'ikcharm_mgdatabase.ik_message' doesn't exist
 [ SQL语句 ] : SELECT COUNT(*) AS tp_count FROM `ik_message` WHERE ( `touserid` = null ) AND ( `isread` = 0 ) AND ( `isinbox` = 0 ) LIMIT 1  
SQL: SHOW COLUMNS FROM `ik_user` [ RunTime:0.028524s ]
INFO: [ view_template ] --START--
INFO: Run LocationTemplate Behavior [ RunTime:0.014063s ]
INFO: [ view_template ] --END-- [ RunTime:0.014161s ]
INFO: [ view_parse ] --START--
INFO: Run ParseTemplate Behavior [ RunTime:0.023003s ]
INFO: [ view_parse ] --END-- [ RunTime:0.023094s ]
INFO: [ view_filter ] --START--
INFO: Run ContentReplace Behavior [ RunTime:0.001097s ]
INFO: Run TokenBuild Behavior [ RunTime:0.001112s ]
INFO: Run WriteHtmlCache Behavior [ RunTime:0.000955s ]
INFO: Run ShowRuntime Behavior [ RunTime:0.001346s ]
INFO: Run content_replace Behavior [ RunTime:0.001859s ]
INFO: [ view_filter ] --END-- [ RunTime:0.006727s ]
INFO: [ view_end ] --START--
INFO: Run ShowPageTrace Behavior [ RunTime:0.001279s ]
INFO: [ view_end ] --END-- [ RunTime:0.001364s ]

[ 2013-04-27T09:09:34+08:00 ] 60.171.124.70 /index.php/captcha/1367024973
INFO: [ route_check ] --START--
INFO: Run CheckRoute Behavior [ RunTime:0.001463s ]
INFO: [ route_check ] --END-- [ RunTime:0.001575s ]
INFO: [ app_begin ] --START--
INFO: Run ReadHtmlCache Behavior [ RunTime:0.001190s ]
INFO: [ app_begin ] --END-- [ RunTime:0.001276s ]
SQL: SHOW COLUMNS FROM `ik_message` [ RunTime:0.037637s ]
ERR: Table 'ikcharm_mgdatabase.ik_message' doesn't exist
 [ SQL语句 ] : SHOW COLUMNS FROM `ik_message`
SQL: SELECT COUNT(*) AS tp_count FROM `ik_message` WHERE ( `touserid` = null ) AND ( `isread` = 0 ) AND ( `isinbox` = 0 ) LIMIT 1   [ RunTime:0.002640s ]
ERR: Table 'ikcharm_mgdatabase.ik_message' doesn't exist
 [ SQL语句 ] : SELECT COUNT(*) AS tp_count FROM `ik_message` WHERE ( `touserid` = null ) AND ( `isread` = 0 ) AND ( `isinbox` = 0 ) LIMIT 1  
NOTIC: [8] Undefined index: width /var/www/vhosts/mgdatabase.com/httpdocs/app/Lib/ORG/Captcha.class.php 第 28 行.
NOTIC: [8] Undefined index: height /var/www/vhosts/mgdatabase.com/httpdocs/app/Lib/ORG/Captcha.class.php 第 29 行.
NOTIC: [8] A session had already been started - ignoring session_start() /var/www/vhosts/mgdatabase.com/httpdocs/app/Lib/ORG/Captcha.class.php 第 42 行.

[ 2013-04-27T09:09:36+08:00 ] 60.171.124.70 /
INFO: [ app_begin ] --START--
INFO: Run ReadHtmlCache Behavior [ RunTime:0.001420s ]
INFO: [ app_begin ] --END-- [ RunTime:0.001671s ]
SQL: SHOW COLUMNS FROM `ik_message` [ RunTime:0.014210s ]
ERR: Table 'ikcharm_mgdatabase.ik_message' doesn't exist
 [ SQL语句 ] : SHOW COLUMNS FROM `ik_message`
SQL: SELECT COUNT(*) AS tp_count FROM `ik_message` WHERE ( `touserid` = null ) AND ( `isread` = 0 ) AND ( `isinbox` = 0 ) LIMIT 1   [ RunTime:0.000591s ]
ERR: Table 'ikcharm_mgdatabase.ik_message' doesn't exist
 [ SQL语句 ] : SELECT COUNT(*) AS tp_count FROM `ik_message` WHERE ( `touserid` = null ) AND ( `isread` = 0 ) AND ( `isinbox` = 0 ) LIMIT 1  
INFO: [ view_template ] --START--
INFO: Run LocationTemplate Behavior [ RunTime:0.001623s ]
INFO: [ view_template ] --END-- [ RunTime:0.001756s ]
INFO: [ view_parse ] --START--
INFO: Run ParseTemplate Behavior [ RunTime:0.022493s ]
INFO: [ view_parse ] --END-- [ RunTime:0.022611s ]
INFO: [ view_filter ] --START--
INFO: Run ContentReplace Behavior [ RunTime:0.001357s ]
INFO: Run TokenBuild Behavior [ RunTime:0.001077s ]
INFO: Run WriteHtmlCache Behavior [ RunTime:0.000988s ]
INFO: Run ShowRuntime Behavior [ RunTime:0.001183s ]
INFO: Run content_replace Behavior [ RunTime:0.001872s ]
INFO: [ view_filter ] --END-- [ RunTime:0.006785s ]
INFO: [ view_end ] --START--
INFO: Run ShowPageTrace Behavior [ RunTime:0.001263s ]
INFO: [ view_end ] --END-- [ RunTime:0.001364s ]

[ 2013-04-27T09:32:22+08:00 ] ERR: (ThinkException) 模板不存在[./app/Tpl/home/doc/add.html]
[ 2013-04-27T11:05:13+08:00 ] 192.114.71.13 /
INFO: [ app_begin ] --START--
INFO: Run ReadHtmlCache Behavior [ RunTime:0.001172s ]
INFO: [ app_begin ] --END-- [ RunTime:0.001275s ]
SQL: SHOW COLUMNS FROM `ik_message` [ RunTime:0.024535s ]
ERR: Table 'ikcharm_mgdatabase.ik_message' doesn't exist
 [ SQL语句 ] : SHOW COLUMNS FROM `ik_message`
SQL: SELECT COUNT(*) AS tp_count FROM `ik_message` WHERE ( `touserid` = null ) AND ( `isread` = 0 ) AND ( `isinbox` = 0 ) LIMIT 1   [ RunTime:0.001075s ]
ERR: Table 'ikcharm_mgdatabase.ik_message' doesn't exist
 [ SQL语句 ] : SELECT COUNT(*) AS tp_count FROM `ik_message` WHERE ( `touserid` = null ) AND ( `isread` = 0 ) AND ( `isinbox` = 0 ) LIMIT 1  
INFO: [ view_template ] --START--
INFO: Run LocationTemplate Behavior [ RunTime:0.002221s ]
INFO: [ view_template ] --END-- [ RunTime:0.002355s ]
INFO: [ view_parse ] --START--
INFO: Run ParseTemplate Behavior [ RunTime:0.020313s ]
INFO: [ view_parse ] --END-- [ RunTime:0.020449s ]
INFO: [ view_filter ] --START--
INFO: Run ContentReplace Behavior [ RunTime:0.001182s ]
INFO: Run TokenBuild Behavior [ RunTime:0.001000s ]
INFO: Run WriteHtmlCache Behavior [ RunTime:0.000921s ]
INFO: Run ShowRuntime Behavior [ RunTime:0.001102s ]
INFO: Run content_replace Behavior [ RunTime:0.001654s ]
INFO: [ view_filter ] --END-- [ RunTime:0.006156s ]
INFO: [ view_end ] --START--
INFO: Run ShowPageTrace Behavior [ RunTime:0.001153s ]
INFO: [ view_end ] --END-- [ RunTime:0.001235s ]

[ 2013-04-27T15:50:34+08:00 ] 62.219.8.236 /
INFO: [ app_begin ] --START--
INFO: Run ReadHtmlCache Behavior [ RunTime:0.009290s ]
INFO: [ app_begin ] --END-- [ RunTime:0.009561s ]
SQL: SHOW COLUMNS FROM `ik_message` [ RunTime:0.014949s ]
ERR: Table 'ikcharm_mgdatabase.ik_message' doesn't exist
 [ SQL语句 ] : SHOW COLUMNS FROM `ik_message`
SQL: SELECT COUNT(*) AS tp_count FROM `ik_message` WHERE ( `touserid` = null ) AND ( `isread` = 0 ) AND ( `isinbox` = 0 ) LIMIT 1   [ RunTime:0.033376s ]
ERR: Table 'ikcharm_mgdatabase.ik_message' doesn't exist
 [ SQL语句 ] : SELECT COUNT(*) AS tp_count FROM `ik_message` WHERE ( `touserid` = null ) AND ( `isread` = 0 ) AND ( `isinbox` = 0 ) LIMIT 1  
INFO: [ view_template ] --START--
INFO: Run LocationTemplate Behavior [ RunTime:0.011824s ]
INFO: [ view_template ] --END-- [ RunTime:0.012000s ]
INFO: [ view_parse ] --START--
INFO: Run ParseTemplate Behavior [ RunTime:0.088591s ]
INFO: [ view_parse ] --END-- [ RunTime:0.088768s ]
INFO: [ view_filter ] --START--
INFO: Run ContentReplace Behavior [ RunTime:0.002260s ]
INFO: Run TokenBuild Behavior [ RunTime:0.001984s ]
INFO: Run WriteHtmlCache Behavior [ RunTime:0.001254s ]
INFO: Run ShowRuntime Behavior [ RunTime:0.001930s ]
INFO: Run content_replace Behavior [ RunTime:0.007476s ]
INFO: [ view_filter ] --END-- [ RunTime:0.015265s ]
INFO: [ view_end ] --START--
INFO: Run ShowPageTrace Behavior [ RunTime:0.002070s ]
INFO: [ view_end ] --END-- [ RunTime:0.002168s ]

[ 2013-04-27T15:50:48+08:00 ] 62.219.8.236 /index.php/user/register
INFO: [ route_check ] --START--
INFO: Run CheckRoute Behavior [ RunTime:0.005173s ]
INFO: [ route_check ] --END-- [ RunTime:0.005320s ]
INFO: [ app_begin ] --START--
INFO: Run ReadHtmlCache Behavior [ RunTime:0.001163s ]
INFO: [ app_begin ] --END-- [ RunTime:0.001254s ]
SQL: SHOW COLUMNS FROM `ik_message` [ RunTime:0.100490s ]
ERR: Table 'ikcharm_mgdatabase.ik_message' doesn't exist
 [ SQL语句 ] : SHOW COLUMNS FROM `ik_message`
SQL: SELECT COUNT(*) AS tp_count FROM `ik_message` WHERE ( `touserid` = null ) AND ( `isread` = 0 ) AND ( `isinbox` = 0 ) LIMIT 1   [ RunTime:0.000853s ]
ERR: Table 'ikcharm_mgdatabase.ik_message' doesn't exist
 [ SQL语句 ] : SELECT COUNT(*) AS tp_count FROM `ik_message` WHERE ( `touserid` = null ) AND ( `isread` = 0 ) AND ( `isinbox` = 0 ) LIMIT 1  
SQL: SHOW COLUMNS FROM `ik_user` [ RunTime:0.052457s ]
INFO: [ view_template ] --START--
INFO: Run LocationTemplate Behavior [ RunTime:0.013976s ]
INFO: [ view_template ] --END-- [ RunTime:0.014129s ]
INFO: [ view_parse ] --START--
INFO: Run ParseTemplate Behavior [ RunTime:0.113494s ]
INFO: [ view_parse ] --END-- [ RunTime:0.113702s ]
INFO: [ view_filter ] --START--
INFO: Run ContentReplace Behavior [ RunTime:0.005221s ]
INFO: Run TokenBuild Behavior [ RunTime:0.003390s ]
INFO: Run WriteHtmlCache Behavior [ RunTime:0.004162s ]
INFO: Run ShowRuntime Behavior [ RunTime:0.003861s ]
INFO: Run content_replace Behavior [ RunTime:0.005336s ]
INFO: [ view_filter ] --END-- [ RunTime:0.022255s ]
INFO: [ view_end ] --START--
INFO: Run ShowPageTrace Behavior [ RunTime:0.003846s ]
INFO: [ view_end ] --END-- [ RunTime:0.003924s ]

[ 2013-04-27T15:50:48+08:00 ] 62.219.8.236 /index.php/exp/add
INFO: [ route_check ] --START--
INFO: Run CheckRoute Behavior [ RunTime:0.001388s ]
INFO: [ route_check ] --END-- [ RunTime:0.001503s ]
INFO: [ app_begin ] --START--
INFO: Run ReadHtmlCache Behavior [ RunTime:0.001174s ]
INFO: [ app_begin ] --END-- [ RunTime:0.001285s ]
SQL: SHOW COLUMNS FROM `ik_message` [ RunTime:0.098379s ]
ERR: Table 'ikcharm_mgdatabase.ik_message' doesn't exist
 [ SQL语句 ] : SHOW COLUMNS FROM `ik_message`
SQL: SELECT COUNT(*) AS tp_count FROM `ik_message` WHERE ( `touserid` = null ) AND ( `isread` = 0 ) AND ( `isinbox` = 0 ) LIMIT 1   [ RunTime:0.001492s ]
ERR: Table 'ikcharm_mgdatabase.ik_message' doesn't exist
 [ SQL语句 ] : SELECT COUNT(*) AS tp_count FROM `ik_message` WHERE ( `touserid` = null ) AND ( `isread` = 0 ) AND ( `isinbox` = 0 ) LIMIT 1  
INFO: [ view_template ] --START--
INFO: Run LocationTemplate Behavior [ RunTime:0.001541s ]
INFO: [ view_template ] --END-- [ RunTime:0.001661s ]
INFO: [ view_parse ] --START--
INFO: Run ParseTemplate Behavior [ RunTime:0.031516s ]
INFO: [ view_parse ] --END-- [ RunTime:0.031661s ]
INFO: [ view_filter ] --START--
INFO: Run ContentReplace Behavior [ RunTime:0.001049s ]
INFO: Run TokenBuild Behavior [ RunTime:0.001037s ]
INFO: Run WriteHtmlCache Behavior [ RunTime:0.000876s ]
INFO: Run ShowRuntime Behavior [ RunTime:0.001054s ]
INFO: Run content_replace Behavior [ RunTime:0.001501s ]
INFO: [ view_filter ] --END-- [ RunTime:0.005791s ]
INFO: [ view_end ] --START--
INFO: Run ShowPageTrace Behavior [ RunTime:0.001104s ]
INFO: [ view_end ] --END-- [ RunTime:0.001181s ]

[ 2013-04-27T15:50:48+08:00 ] ERR: (ThinkException) 非法操作:add
[ 2013-04-27T15:50:48+08:00 ] ERR: (ThinkException) 模板不存在[./app/Tpl/home/doc/add.html]
[ 2013-04-27T15:52:23+08:00 ] ERR: (ThinkException) 非法操作:xwlist
[ 2013-04-27T15:52:26+08:00 ] ERR: (ThinkException) 非法操作:qlist
[ 2013-04-27T15:52:29+08:00 ] ERR: (ThinkException) 非法操作:qxwlist
[ 2013-04-27T15:52:34+08:00 ] ERR: (ThinkException) 非法操作:qzlist
[ 2013-04-27T15:52:38+08:00 ] ERR: (ThinkException) 非法操作:gonggao
[ 2013-04-27T15:52:43+08:00 ] ERR: (ThinkException) 非法操作:xwlist
[ 2013-04-27T15:52:49+08:00 ] ERR: (ThinkException) 非法操作:qlist
[ 2013-04-27T15:52:55+08:00 ] ERR: (ThinkException) 非法操作:qxwlist
[ 2013-04-27T15:52:55+08:00 ] ERR: (ThinkException) 非法操作:qzlist
[ 2013-04-27T15:52:55+08:00 ] ERR: (ThinkException) 非法操作:gonggao
[ 2013-04-27T16:26:17+08:00 ] 82.80.234.140 /index.php/captcha/1367049048
INFO: [ route_check ] --START--
INFO: Run CheckRoute Behavior [ RunTime:0.001647s ]
INFO: [ route_check ] --END-- [ RunTime:0.001806s ]
INFO: [ app_begin ] --START--
INFO: Run ReadHtmlCache Behavior [ RunTime:0.001427s ]
INFO: [ app_begin ] --END-- [ RunTime:0.001586s ]
SQL: SHOW COLUMNS FROM `ik_message` [ RunTime:0.090448s ]
ERR: Table 'ikcharm_mgdatabase.ik_message' doesn't exist
 [ SQL语句 ] : SHOW COLUMNS FROM `ik_message`
SQL: SELECT COUNT(*) AS tp_count FROM `ik_message` WHERE ( `touserid` = null ) AND ( `isread` = 0 ) AND ( `isinbox` = 0 ) LIMIT 1   [ RunTime:0.004430s ]
ERR: Table 'ikcharm_mgdatabase.ik_message' doesn't exist
 [ SQL语句 ] : SELECT COUNT(*) AS tp_count FROM `ik_message` WHERE ( `touserid` = null ) AND ( `isread` = 0 ) AND ( `isinbox` = 0 ) LIMIT 1  
NOTIC: [8] Undefined index: width /var/www/vhosts/mgdatabase.com/httpdocs/app/Lib/ORG/Captcha.class.php 第 28 行.
NOTIC: [8] Undefined index: height /var/www/vhosts/mgdatabase.com/httpdocs/app/Lib/ORG/Captcha.class.php 第 29 行.
NOTIC: [8] A session had already been started - ignoring session_start() /var/www/vhosts/mgdatabase.com/httpdocs/app/Lib/ORG/Captcha.class.php 第 42 行.

[ 2013-04-27T21:11:15+08:00 ] 157.56.229.189 /
INFO: [ app_begin ] --START--
INFO: Run ReadHtmlCache Behavior [ RunTime:0.013115s ]
INFO: [ app_begin ] --END-- [ RunTime:0.013246s ]
SQL: SHOW COLUMNS FROM `ik_message` [ RunTime:1.492607s ]
ERR: Table 'ikcharm_mgdatabase.ik_message' doesn't exist
 [ SQL语句 ] : SHOW COLUMNS FROM `ik_message`
SQL: SELECT COUNT(*) AS tp_count FROM `ik_message` WHERE ( `touserid` = null ) AND ( `isread` = 0 ) AND ( `isinbox` = 0 ) LIMIT 1   [ RunTime:0.013115s ]
ERR: Table 'ikcharm_mgdatabase.ik_message' doesn't exist
 [ SQL语句 ] : SELECT COUNT(*) AS tp_count FROM `ik_message` WHERE ( `touserid` = null ) AND ( `isread` = 0 ) AND ( `isinbox` = 0 ) LIMIT 1  
INFO: [ view_template ] --START--
INFO: Run LocationTemplate Behavior [ RunTime:0.019712s ]
INFO: [ view_template ] --END-- [ RunTime:0.019851s ]
INFO: [ view_parse ] --START--
INFO: Run ParseTemplate Behavior [ RunTime:0.110785s ]
INFO: [ view_parse ] --END-- [ RunTime:0.110919s ]
INFO: [ view_filter ] --START--
INFO: Run ContentReplace Behavior [ RunTime:0.006780s ]
INFO: Run TokenBuild Behavior [ RunTime:0.001955s ]
INFO: Run WriteHtmlCache Behavior [ RunTime:0.001891s ]
INFO: Run ShowRuntime Behavior [ RunTime:0.002216s ]
INFO: Run content_replace Behavior [ RunTime:0.018231s ]
INFO: [ view_filter ] --END-- [ RunTime:0.031507s ]
INFO: [ view_end ] --START--
INFO: Run ShowPageTrace Behavior [ RunTime:0.002813s ]
INFO: [ view_end ] --END-- [ RunTime:0.002934s ]

